[2026-06-08T16:19:16.999+0000] {local_task_job_runner.py:120} INFO - ::group::Pre task execution logs
[2026-06-08T16:19:17.116+0000] {taskinstance.py:2073} INFO - Dependencies all met for dep_context=non-requeueable deps ti=<TaskInstance: developer_job_market_pipeline.fetch_adzuna_jobs manual__2026-06-08T16:19:09.905605+00:00 [queued]>
[2026-06-08T16:19:17.159+0000] {taskinstance.py:2073} INFO - Dependencies all met for dep_context=requeueable deps ti=<TaskInstance: developer_job_market_pipeline.fetch_adzuna_jobs manual__2026-06-08T16:19:09.905605+00:00 [queued]>
[2026-06-08T16:19:17.160+0000] {taskinstance.py:2303} INFO - Starting attempt 1 of 3
[2026-06-08T16:19:17.213+0000] {taskinstance.py:2327} INFO - Executing <Task(PythonOperator): fetch_adzuna_jobs> on 2026-06-08 16:19:09.905605+00:00
[2026-06-08T16:19:17.257+0000] {logging_mixin.py:188} WARNING - /home/***/.local/lib/python3.12/site-packages/***/task/task_runner/standard_task_runner.py:61 DeprecationWarning: This process (pid=302) is multi-threaded, use of fork() may lead to deadlocks in the child.
[2026-06-08T16:19:17.272+0000] {standard_task_runner.py:63} INFO - Started process 308 to run task
[2026-06-08T16:19:17.248+0000] {standard_task_runner.py:90} INFO - Running: ['***', 'tasks', 'run', 'developer_job_market_pipeline', 'fetch_adzuna_jobs', 'manual__2026-06-08T16:19:09.905605+00:00', '--job-id', '26', '--raw', '--subdir', 'DAGS_FOLDER/developer_job_market.py', '--cfg-path', '/tmp/tmp46xwar41']
[2026-06-08T16:19:17.276+0000] {standard_task_runner.py:91} INFO - Job 26: Subtask fetch_adzuna_jobs
[2026-06-08T16:19:18.446+0000] {task_command.py:426} INFO - Running <TaskInstance: developer_job_market_pipeline.fetch_adzuna_jobs manual__2026-06-08T16:19:09.905605+00:00 [running]> on host f3d542c737d6
[2026-06-08T16:19:20.225+0000] {taskinstance.py:2644} INFO - Exporting env vars: AIRFLOW_CTX_DAG_OWNER='orlando' AIRFLOW_CTX_DAG_ID='developer_job_market_pipeline' AIRFLOW_CTX_TASK_ID='fetch_adzuna_jobs' AIRFLOW_CTX_EXECUTION_DATE='2026-06-08T16:19:09.905605+00:00' AIRFLOW_CTX_TRY_NUMBER='1' AIRFLOW_CTX_DAG_RUN_ID='manual__2026-06-08T16:19:09.905605+00:00'
[2026-06-08T16:19:20.227+0000] {taskinstance.py:430} INFO - ::endgroup::
[2026-06-08T16:19:22.536+0000] {logging_mixin.py:188} INFO - [SKIP] raw/adzuna_jobs/2026-06-08/gb_page_1.json already exists
[2026-06-08T16:19:22.645+0000] {logging_mixin.py:188} INFO - [SKIP] raw/adzuna_jobs/2026-06-08/gb_page_2.json already exists
[2026-06-08T16:19:22.710+0000] {logging_mixin.py:188} INFO - [SKIP] raw/adzuna_jobs/2026-06-08/gb_page_3.json already exists
[2026-06-08T16:19:22.747+0000] {logging_mixin.py:188} INFO - [SKIP] raw/adzuna_jobs/2026-06-08/gb_page_4.json already exists
[2026-06-08T16:19:22.786+0000] {logging_mixin.py:188} INFO - [SKIP] raw/adzuna_jobs/2026-06-08/gb_page_5.json already exists
[2026-06-08T16:19:22.819+0000] {logging_mixin.py:188} INFO - [SKIP] raw/adzuna_jobs/2026-06-08/us_page_1.json already exists
[2026-06-08T16:19:22.886+0000] {logging_mixin.py:188} INFO - [SKIP] raw/adzuna_jobs/2026-06-08/us_page_2.json already exists
[2026-06-08T16:19:22.935+0000] {logging_mixin.py:188} INFO - [SKIP] raw/adzuna_jobs/2026-06-08/us_page_3.json already exists
[2026-06-08T16:19:22.952+0000] {logging_mixin.py:188} INFO - [SKIP] raw/adzuna_jobs/2026-06-08/us_page_4.json already exists
[2026-06-08T16:19:23.007+0000] {logging_mixin.py:188} INFO - [SKIP] raw/adzuna_jobs/2026-06-08/us_page_5.json already exists
[2026-06-08T16:19:23.032+0000] {logging_mixin.py:188} INFO - [SKIP] raw/adzuna_jobs/2026-06-08/fr_page_1.json already exists
[2026-06-08T16:19:23.061+0000] {logging_mixin.py:188} INFO - [SKIP] raw/adzuna_jobs/2026-06-08/fr_page_2.json already exists
[2026-06-08T16:19:23.085+0000] {logging_mixin.py:188} INFO - [SKIP] raw/adzuna_jobs/2026-06-08/fr_page_3.json already exists
[2026-06-08T16:19:23.103+0000] {logging_mixin.py:188} INFO - [SKIP] raw/adzuna_jobs/2026-06-08/fr_page_4.json already exists
[2026-06-08T16:19:23.142+0000] {logging_mixin.py:188} INFO - [SKIP] raw/adzuna_jobs/2026-06-08/fr_page_5.json already exists
[2026-06-08T16:19:23.159+0000] {logging_mixin.py:188} INFO - [SKIP] raw/adzuna_jobs/2026-06-08/de_page_1.json already exists
[2026-06-08T16:19:23.178+0000] {logging_mixin.py:188} INFO - [SKIP] raw/adzuna_jobs/2026-06-08/de_page_2.json already exists
[2026-06-08T16:19:23.197+0000] {logging_mixin.py:188} INFO - [SKIP] raw/adzuna_jobs/2026-06-08/de_page_3.json already exists
[2026-06-08T16:19:23.210+0000] {logging_mixin.py:188} INFO - [SKIP] raw/adzuna_jobs/2026-06-08/de_page_4.json already exists
[2026-06-08T16:19:23.230+0000] {logging_mixin.py:188} INFO - [SKIP] raw/adzuna_jobs/2026-06-08/de_page_5.json already exists
[2026-06-08T16:19:23.250+0000] {logging_mixin.py:188} INFO - [SKIP] raw/adzuna_jobs/2026-06-08/nl_page_1.json already exists
[2026-06-08T16:19:23.267+0000] {logging_mixin.py:188} INFO - [SKIP] raw/adzuna_jobs/2026-06-08/nl_page_2.json already exists
[2026-06-08T16:19:23.282+0000] {logging_mixin.py:188} INFO - [SKIP] raw/adzuna_jobs/2026-06-08/nl_page_3.json already exists
[2026-06-08T16:19:23.294+0000] {logging_mixin.py:188} INFO - [SKIP] raw/adzuna_jobs/2026-06-08/nl_page_4.json already exists
[2026-06-08T16:19:23.307+0000] {logging_mixin.py:188} INFO - [SKIP] raw/adzuna_jobs/2026-06-08/nl_page_5.json already exists
[2026-06-08T16:19:23.308+0000] {logging_mixin.py:188} INFO - Adzuna ingestion complete for 2026-06-08
[2026-06-08T16:19:23.309+0000] {python.py:237} INFO - Done. Returned value was: None
[2026-06-08T16:19:23.311+0000] {taskinstance.py:441} INFO - ::group::Post task execution logs
[2026-06-08T16:19:23.332+0000] {taskinstance.py:1205} INFO - Marking task as SUCCESS. dag_id=developer_job_market_pipeline, task_id=fetch_adzuna_jobs, execution_date=20260608T161909, start_date=20260608T161917, end_date=20260608T161923
[2026-06-08T16:19:23.367+0000] {local_task_job_runner.py:240} INFO - Task exited with return code 0
[2026-06-08T16:19:23.411+0000] {taskinstance.py:3482} INFO - 1 downstream tasks scheduled from follow-on schedule check
[2026-06-08T16:19:23.415+0000] {local_task_job_runner.py:222} INFO - ::endgroup::
