[2026-06-08T16:25:34.140+0000] {local_task_job_runner.py:120} INFO - ::group::Pre task execution logs
[2026-06-08T16:25:34.205+0000] {taskinstance.py:2073} INFO - Dependencies all met for dep_context=non-requeueable deps ti=<TaskInstance: developer_job_market_pipeline.format_so_survey manual__2026-06-08T16:24:42.563436+00:00 [queued]>
[2026-06-08T16:25:34.223+0000] {taskinstance.py:2073} INFO - Dependencies all met for dep_context=requeueable deps ti=<TaskInstance: developer_job_market_pipeline.format_so_survey manual__2026-06-08T16:24:42.563436+00:00 [queued]>
[2026-06-08T16:25:34.224+0000] {taskinstance.py:2303} INFO - Starting attempt 1 of 3
[2026-06-08T16:25:34.248+0000] {taskinstance.py:2327} INFO - Executing <Task(PythonOperator): format_so_survey> on 2026-06-08 16:24:42.563436+00:00
[2026-06-08T16:25:34.274+0000] {logging_mixin.py:188} WARNING - /home/***/.local/lib/python3.12/site-packages/***/task/task_runner/standard_task_runner.py:61 DeprecationWarning: This process (pid=424) is multi-threaded, use of fork() may lead to deadlocks in the child.
[2026-06-08T16:25:34.269+0000] {standard_task_runner.py:90} INFO - Running: ['***', 'tasks', 'run', 'developer_job_market_pipeline', 'format_so_survey', 'manual__2026-06-08T16:24:42.563436+00:00', '--job-id', '37', '--raw', '--subdir', 'DAGS_FOLDER/developer_job_market.py', '--cfg-path', '/tmp/tmpkqk9ywwk']
[2026-06-08T16:25:34.276+0000] {standard_task_runner.py:63} INFO - Started process 426 to run task
[2026-06-08T16:25:34.278+0000] {standard_task_runner.py:91} INFO - Job 37: Subtask format_so_survey
[2026-06-08T16:25:34.476+0000] {task_command.py:426} INFO - Running <TaskInstance: developer_job_market_pipeline.format_so_survey manual__2026-06-08T16:24:42.563436+00:00 [running]> on host f3d542c737d6
[2026-06-08T16:25:34.731+0000] {taskinstance.py:2644} INFO - Exporting env vars: AIRFLOW_CTX_DAG_OWNER='orlando' AIRFLOW_CTX_DAG_ID='developer_job_market_pipeline' AIRFLOW_CTX_TASK_ID='format_so_survey' AIRFLOW_CTX_EXECUTION_DATE='2026-06-08T16:24:42.563436+00:00' AIRFLOW_CTX_TRY_NUMBER='1' AIRFLOW_CTX_DAG_RUN_ID='manual__2026-06-08T16:24:42.563436+00:00'
[2026-06-08T16:25:34.732+0000] {taskinstance.py:430} INFO - ::endgroup::
[2026-06-08T16:25:35.674+0000] {logging_mixin.py:188} INFO - Reading SO survey CSV from S3 ...
[2026-06-08T16:25:51.864+0000] {logging_mixin.py:188} INFO - Loaded 65437 survey responses, 114 columns
[2026-06-08T16:25:54.583+0000] {logging_mixin.py:188} INFO - [OK] Wrote 59477 normalised survey rows → formatted/survey/2024/so_survey.parquet
[2026-06-08T16:25:54.607+0000] {python.py:237} INFO - Done. Returned value was: None
[2026-06-08T16:25:54.608+0000] {taskinstance.py:441} INFO - ::group::Post task execution logs
[2026-06-08T16:25:54.629+0000] {taskinstance.py:1205} INFO - Marking task as SUCCESS. dag_id=developer_job_market_pipeline, task_id=format_so_survey, execution_date=20260608T162442, start_date=20260608T162534, end_date=20260608T162554
[2026-06-08T16:25:54.707+0000] {local_task_job_runner.py:240} INFO - Task exited with return code 0
[2026-06-08T16:25:54.763+0000] {taskinstance.py:3482} INFO - 1 downstream tasks scheduled from follow-on schedule check
[2026-06-08T16:25:54.765+0000] {local_task_job_runner.py:222} INFO - ::endgroup::
