[2026-06-08T16:14:59.296+0000] {local_task_job_runner.py:120} INFO - ::group::Pre task execution logs
[2026-06-08T16:14:59.923+0000] {taskinstance.py:2073} INFO - Dependencies all met for dep_context=non-requeueable deps ti=<TaskInstance: developer_job_market_pipeline.fetch_adzuna_jobs manual__2026-06-08T16:14:38.488058+00:00 [queued]>
[2026-06-08T16:14:59.942+0000] {taskinstance.py:2073} INFO - Dependencies all met for dep_context=requeueable deps ti=<TaskInstance: developer_job_market_pipeline.fetch_adzuna_jobs manual__2026-06-08T16:14:38.488058+00:00 [queued]>
[2026-06-08T16:14:59.943+0000] {taskinstance.py:2303} INFO - Starting attempt 1 of 3
[2026-06-08T16:14:59.969+0000] {taskinstance.py:2327} INFO - Executing <Task(PythonOperator): fetch_adzuna_jobs> on 2026-06-08 16:14:38.488058+00:00
[2026-06-08T16:15:00.027+0000] {standard_task_runner.py:90} INFO - Running: ['***', 'tasks', 'run', 'developer_job_market_pipeline', 'fetch_adzuna_jobs', 'manual__2026-06-08T16:14:38.488058+00:00', '--job-id', '22', '--raw', '--subdir', 'DAGS_FOLDER/developer_job_market.py', '--cfg-path', '/tmp/tmp_0om3zda']
[2026-06-08T16:15:00.037+0000] {logging_mixin.py:188} WARNING - /home/***/.local/lib/python3.12/site-packages/***/task/task_runner/standard_task_runner.py:61 DeprecationWarning: This process (pid=242) is multi-threaded, use of fork() may lead to deadlocks in the child.
[2026-06-08T16:15:00.050+0000] {standard_task_runner.py:63} INFO - Started process 245 to run task
[2026-06-08T16:15:00.047+0000] {standard_task_runner.py:91} INFO - Job 22: Subtask fetch_adzuna_jobs
[2026-06-08T16:15:00.969+0000] {task_command.py:426} INFO - Running <TaskInstance: developer_job_market_pipeline.fetch_adzuna_jobs manual__2026-06-08T16:14:38.488058+00:00 [running]> on host f3d542c737d6
[2026-06-08T16:15:01.907+0000] {taskinstance.py:2644} INFO - Exporting env vars: AIRFLOW_CTX_DAG_OWNER='orlando' AIRFLOW_CTX_DAG_ID='developer_job_market_pipeline' AIRFLOW_CTX_TASK_ID='fetch_adzuna_jobs' AIRFLOW_CTX_EXECUTION_DATE='2026-06-08T16:14:38.488058+00:00' AIRFLOW_CTX_TRY_NUMBER='1' AIRFLOW_CTX_DAG_RUN_ID='manual__2026-06-08T16:14:38.488058+00:00'
[2026-06-08T16:15:01.918+0000] {taskinstance.py:430} INFO - ::endgroup::
[2026-06-08T16:15:06.550+0000] {logging_mixin.py:188} INFO - [SKIP] raw/adzuna_jobs/2026-06-08/gb_page_1.json already exists
[2026-06-08T16:15:06.586+0000] {logging_mixin.py:188} INFO - [SKIP] raw/adzuna_jobs/2026-06-08/gb_page_2.json already exists
[2026-06-08T16:15:06.646+0000] {logging_mixin.py:188} INFO - [SKIP] raw/adzuna_jobs/2026-06-08/gb_page_3.json already exists
[2026-06-08T16:15:06.667+0000] {logging_mixin.py:188} INFO - [SKIP] raw/adzuna_jobs/2026-06-08/gb_page_4.json already exists
[2026-06-08T16:15:06.714+0000] {logging_mixin.py:188} INFO - [SKIP] raw/adzuna_jobs/2026-06-08/gb_page_5.json already exists
[2026-06-08T16:15:06.747+0000] {logging_mixin.py:188} INFO - [SKIP] raw/adzuna_jobs/2026-06-08/us_page_1.json already exists
[2026-06-08T16:15:06.770+0000] {logging_mixin.py:188} INFO - [SKIP] raw/adzuna_jobs/2026-06-08/us_page_2.json already exists
[2026-06-08T16:15:06.811+0000] {logging_mixin.py:188} INFO - [SKIP] raw/adzuna_jobs/2026-06-08/us_page_3.json already exists
[2026-06-08T16:15:06.836+0000] {logging_mixin.py:188} INFO - [SKIP] raw/adzuna_jobs/2026-06-08/us_page_4.json already exists
[2026-06-08T16:15:06.854+0000] {logging_mixin.py:188} INFO - [SKIP] raw/adzuna_jobs/2026-06-08/us_page_5.json already exists
[2026-06-08T16:15:06.874+0000] {logging_mixin.py:188} INFO - [SKIP] raw/adzuna_jobs/2026-06-08/fr_page_1.json already exists
[2026-06-08T16:15:06.892+0000] {logging_mixin.py:188} INFO - [SKIP] raw/adzuna_jobs/2026-06-08/fr_page_2.json already exists
[2026-06-08T16:15:06.909+0000] {logging_mixin.py:188} INFO - [SKIP] raw/adzuna_jobs/2026-06-08/fr_page_3.json already exists
[2026-06-08T16:15:06.950+0000] {logging_mixin.py:188} INFO - [SKIP] raw/adzuna_jobs/2026-06-08/fr_page_4.json already exists
[2026-06-08T16:15:06.971+0000] {logging_mixin.py:188} INFO - [SKIP] raw/adzuna_jobs/2026-06-08/fr_page_5.json already exists
[2026-06-08T16:15:06.995+0000] {logging_mixin.py:188} INFO - [SKIP] raw/adzuna_jobs/2026-06-08/de_page_1.json already exists
[2026-06-08T16:15:07.030+0000] {logging_mixin.py:188} INFO - [SKIP] raw/adzuna_jobs/2026-06-08/de_page_2.json already exists
[2026-06-08T16:15:07.061+0000] {logging_mixin.py:188} INFO - [SKIP] raw/adzuna_jobs/2026-06-08/de_page_3.json already exists
[2026-06-08T16:15:07.085+0000] {logging_mixin.py:188} INFO - [SKIP] raw/adzuna_jobs/2026-06-08/de_page_4.json already exists
[2026-06-08T16:15:07.119+0000] {logging_mixin.py:188} INFO - [SKIP] raw/adzuna_jobs/2026-06-08/de_page_5.json already exists
[2026-06-08T16:15:07.160+0000] {logging_mixin.py:188} INFO - [SKIP] raw/adzuna_jobs/2026-06-08/nl_page_1.json already exists
[2026-06-08T16:15:07.190+0000] {logging_mixin.py:188} INFO - [SKIP] raw/adzuna_jobs/2026-06-08/nl_page_2.json already exists
[2026-06-08T16:15:07.209+0000] {logging_mixin.py:188} INFO - [SKIP] raw/adzuna_jobs/2026-06-08/nl_page_3.json already exists
[2026-06-08T16:15:07.230+0000] {logging_mixin.py:188} INFO - [SKIP] raw/adzuna_jobs/2026-06-08/nl_page_4.json already exists
[2026-06-08T16:15:07.243+0000] {logging_mixin.py:188} INFO - [SKIP] raw/adzuna_jobs/2026-06-08/nl_page_5.json already exists
[2026-06-08T16:15:07.243+0000] {logging_mixin.py:188} INFO - Adzuna ingestion complete for 2026-06-08
[2026-06-08T16:15:07.245+0000] {python.py:237} INFO - Done. Returned value was: None
[2026-06-08T16:15:07.246+0000] {taskinstance.py:441} INFO - ::group::Post task execution logs
[2026-06-08T16:15:07.279+0000] {taskinstance.py:1205} INFO - Marking task as SUCCESS. dag_id=developer_job_market_pipeline, task_id=fetch_adzuna_jobs, execution_date=20260608T161438, start_date=20260608T161459, end_date=20260608T161507
[2026-06-08T16:15:07.373+0000] {local_task_job_runner.py:240} INFO - Task exited with return code 0
[2026-06-08T16:15:14.524+0000] {taskinstance.py:3482} INFO - 1 downstream tasks scheduled from follow-on schedule check
[2026-06-08T16:15:14.528+0000] {local_task_job_runner.py:222} INFO - ::endgroup::
