[2026-06-08T16:04:02.697+0000] {local_task_job_runner.py:120} INFO - ::group::Pre task execution logs
[2026-06-08T16:04:02.949+0000] {taskinstance.py:2073} INFO - Dependencies all met for dep_context=non-requeueable deps ti=<TaskInstance: developer_job_market_pipeline.fetch_so_survey scheduled__2026-06-07T00:00:00+00:00 [queued]>
[2026-06-08T16:04:02.967+0000] {taskinstance.py:2073} INFO - Dependencies all met for dep_context=requeueable deps ti=<TaskInstance: developer_job_market_pipeline.fetch_so_survey scheduled__2026-06-07T00:00:00+00:00 [queued]>
[2026-06-08T16:04:02.968+0000] {taskinstance.py:2303} INFO - Starting attempt 2 of 3
[2026-06-08T16:04:03.034+0000] {taskinstance.py:2327} INFO - Executing <Task(PythonOperator): fetch_so_survey> on 2026-06-07 00:00:00+00:00
[2026-06-08T16:04:03.303+0000] {standard_task_runner.py:90} INFO - Running: ['***', 'tasks', 'run', 'developer_job_market_pipeline', 'fetch_so_survey', 'scheduled__2026-06-07T00:00:00+00:00', '--job-id', '8', '--raw', '--subdir', 'DAGS_FOLDER/developer_job_market.py', '--cfg-path', '/tmp/tmpmiu6e564']
[2026-06-08T16:04:04.044+0000] {standard_task_runner.py:91} INFO - Job 8: Subtask fetch_so_survey
[2026-06-08T16:04:04.149+0000] {logging_mixin.py:188} WARNING - /home/***/.local/lib/python3.12/site-packages/***/task/task_runner/standard_task_runner.py:61 DeprecationWarning: This process (pid=291) is multi-threaded, use of fork() may lead to deadlocks in the child.
[2026-06-08T16:04:04.174+0000] {standard_task_runner.py:63} INFO - Started process 298 to run task
[2026-06-08T16:04:05.564+0000] {task_command.py:426} INFO - Running <TaskInstance: developer_job_market_pipeline.fetch_so_survey scheduled__2026-06-07T00:00:00+00:00 [running]> on host 6203143c6286
[2026-06-08T16:04:07.323+0000] {taskinstance.py:2644} INFO - Exporting env vars: AIRFLOW_CTX_DAG_OWNER='orlando' AIRFLOW_CTX_DAG_ID='developer_job_market_pipeline' AIRFLOW_CTX_TASK_ID='fetch_so_survey' AIRFLOW_CTX_EXECUTION_DATE='2026-06-07T00:00:00+00:00' AIRFLOW_CTX_TRY_NUMBER='2' AIRFLOW_CTX_DAG_RUN_ID='scheduled__2026-06-07T00:00:00+00:00'
[2026-06-08T16:04:07.444+0000] {taskinstance.py:430} INFO - ::endgroup::
[2026-06-08T16:04:07.676+0000] {taskinstance.py:441} INFO - ::group::Post task execution logs
[2026-06-08T16:04:07.677+0000] {taskinstance.py:2890} ERROR - Task failed with exception
Traceback (most recent call last):
  File "/home/airflow/.local/lib/python3.12/site-packages/airflow/models/taskinstance.py", line 465, in _execute_task
    result = _execute_callable(context=context, **execute_callable_kwargs)
             ^^^^^^^^^^^^^^^^^^^^^^^^^^^^^^^^^^^^^^^^^^^^^^^^^^^^^^^^^^^^^
  File "/home/airflow/.local/lib/python3.12/site-packages/airflow/models/taskinstance.py", line 432, in _execute_callable
    return execute_callable(context=context, **execute_callable_kwargs)
           ^^^^^^^^^^^^^^^^^^^^^^^^^^^^^^^^^^^^^^^^^^^^^^^^^^^^^^^^^^^^
  File "/home/airflow/.local/lib/python3.12/site-packages/airflow/models/baseoperator.py", line 400, in wrapper
    return func(self, *args, **kwargs)
           ^^^^^^^^^^^^^^^^^^^^^^^^^^^
  File "/home/airflow/.local/lib/python3.12/site-packages/airflow/operators/python.py", line 235, in execute
    return_value = self.execute_callable()
                   ^^^^^^^^^^^^^^^^^^^^^^^
  File "/home/airflow/.local/lib/python3.12/site-packages/airflow/operators/python.py", line 252, in execute_callable
    return self.python_callable(*self.op_args, **self.op_kwargs)
           ^^^^^^^^^^^^^^^^^^^^^^^^^^^^^^^^^^^^^^^^^^^^^^^^^^^^^
  File "/opt/airflow/jobs/ingest_so_survey.py", line 25, in fetch_so_survey
    s3 = s3_utils.get_client()
         ^^^^^^^^^^^^^^^^^^^^^
  File "/opt/airflow/jobs/utils/s3.py", line 21, in get_client
    endpoint_url=os.environ["AWS_ENDPOINT_URL"],
                 ~~~~~~~~~~^^^^^^^^^^^^^^^^^^^^
  File "<frozen os>", line 685, in __getitem__
KeyError: 'AWS_ENDPOINT_URL'
[2026-06-08T16:04:07.859+0000] {taskinstance.py:1205} INFO - Marking task as UP_FOR_RETRY. dag_id=developer_job_market_pipeline, task_id=fetch_so_survey, execution_date=20260607T000000, start_date=20260608T160402, end_date=20260608T160407
[2026-06-08T16:04:07.954+0000] {standard_task_runner.py:110} ERROR - Failed to execute job 8 for task fetch_so_survey ('AWS_ENDPOINT_URL'; 298)
[2026-06-08T16:04:08.038+0000] {local_task_job_runner.py:240} INFO - Task exited with return code 1
[2026-06-08T16:04:08.243+0000] {taskinstance.py:3482} INFO - 0 downstream tasks scheduled from follow-on schedule check
[2026-06-08T16:04:08.264+0000] {local_task_job_runner.py:222} INFO - ::endgroup::
