[2026-06-08T16:14:59.294+0000] {local_task_job_runner.py:120} INFO - ::group::Pre task execution logs
[2026-06-08T16:14:59.896+0000] {taskinstance.py:2073} INFO - Dependencies all met for dep_context=non-requeueable deps ti=<TaskInstance: developer_job_market_pipeline.fetch_so_survey manual__2026-06-08T16:14:38.488058+00:00 [queued]>
[2026-06-08T16:14:59.925+0000] {taskinstance.py:2073} INFO - Dependencies all met for dep_context=requeueable deps ti=<TaskInstance: developer_job_market_pipeline.fetch_so_survey manual__2026-06-08T16:14:38.488058+00:00 [queued]>
[2026-06-08T16:14:59.926+0000] {taskinstance.py:2303} INFO - Starting attempt 1 of 3
[2026-06-08T16:14:59.973+0000] {taskinstance.py:2327} INFO - Executing <Task(PythonOperator): fetch_so_survey> on 2026-06-08 16:14:38.488058+00:00
[2026-06-08T16:15:00.019+0000] {standard_task_runner.py:90} INFO - Running: ['***', 'tasks', 'run', 'developer_job_market_pipeline', 'fetch_so_survey', 'manual__2026-06-08T16:14:38.488058+00:00', '--job-id', '21', '--raw', '--subdir', 'DAGS_FOLDER/developer_job_market.py', '--cfg-path', '/tmp/tmpworak8zp']
[2026-06-08T16:15:00.034+0000] {logging_mixin.py:188} WARNING - /home/***/.local/lib/python3.12/site-packages/***/task/task_runner/standard_task_runner.py:61 DeprecationWarning: This process (pid=241) is multi-threaded, use of fork() may lead to deadlocks in the child.
[2026-06-08T16:15:00.026+0000] {standard_task_runner.py:91} INFO - Job 21: Subtask fetch_so_survey
[2026-06-08T16:15:00.040+0000] {standard_task_runner.py:63} INFO - Started process 246 to run task
[2026-06-08T16:15:00.880+0000] {task_command.py:426} INFO - Running <TaskInstance: developer_job_market_pipeline.fetch_so_survey manual__2026-06-08T16:14:38.488058+00:00 [running]> on host f3d542c737d6
[2026-06-08T16:15:01.871+0000] {taskinstance.py:2644} INFO - Exporting env vars: AIRFLOW_CTX_DAG_OWNER='orlando' AIRFLOW_CTX_DAG_ID='developer_job_market_pipeline' AIRFLOW_CTX_TASK_ID='fetch_so_survey' AIRFLOW_CTX_EXECUTION_DATE='2026-06-08T16:14:38.488058+00:00' AIRFLOW_CTX_TRY_NUMBER='1' AIRFLOW_CTX_DAG_RUN_ID='manual__2026-06-08T16:14:38.488058+00:00'
[2026-06-08T16:15:01.874+0000] {taskinstance.py:430} INFO - ::endgroup::
[2026-06-08T16:15:06.557+0000] {logging_mixin.py:188} INFO - Downloading SO survey from https://cdn.stackoverflow.co/files/jo7n4k8s/production/49915bfd46d0902c3564fd9a06b509d7a2a96a74/stack-overflow-developer-survey-2024.zip ...
[2026-06-08T16:15:06.933+0000] {taskinstance.py:441} INFO - ::group::Post task execution logs
[2026-06-08T16:15:06.935+0000] {taskinstance.py:2890} ERROR - Task failed with exception
Traceback (most recent call last):
  File "/home/airflow/.local/lib/python3.12/site-packages/airflow/models/taskinstance.py", line 465, in _execute_task
    result = _execute_callable(context=context, **execute_callable_kwargs)
             ^^^^^^^^^^^^^^^^^^^^^^^^^^^^^^^^^^^^^^^^^^^^^^^^^^^^^^^^^^^^^
  File "/home/airflow/.local/lib/python3.12/site-packages/airflow/models/taskinstance.py", line 432, in _execute_callable
    return execute_callable(context=context, **execute_callable_kwargs)
           ^^^^^^^^^^^^^^^^^^^^^^^^^^^^^^^^^^^^^^^^^^^^^^^^^^^^^^^^^^^^
  File "/home/airflow/.local/lib/python3.12/site-packages/airflow/models/baseoperator.py", line 400, in wrapper
    return func(self, *args, **kwargs)
           ^^^^^^^^^^^^^^^^^^^^^^^^^^^
  File "/home/airflow/.local/lib/python3.12/site-packages/airflow/operators/python.py", line 235, in execute
    return_value = self.execute_callable()
                   ^^^^^^^^^^^^^^^^^^^^^^^
  File "/home/airflow/.local/lib/python3.12/site-packages/airflow/operators/python.py", line 252, in execute_callable
    return self.python_callable(*self.op_args, **self.op_kwargs)
           ^^^^^^^^^^^^^^^^^^^^^^^^^^^^^^^^^^^^^^^^^^^^^^^^^^^^^
  File "/opt/airflow/jobs/ingest_so_survey.py", line 35, in fetch_so_survey
    response.raise_for_status()
  File "/home/airflow/.local/lib/python3.12/site-packages/requests/models.py", line 1021, in raise_for_status
    raise HTTPError(http_error_msg, response=self)
requests.exceptions.HTTPError: 404 Client Error: Not Found for url: https://cdn.stackoverflow.co/files/jo7n4k8s/production/49915bfd46d0902c3564fd9a06b509d7a2a96a74/stack-overflow-developer-survey-2024.zip
[2026-06-08T16:15:07.077+0000] {taskinstance.py:1205} INFO - Marking task as UP_FOR_RETRY. dag_id=developer_job_market_pipeline, task_id=fetch_so_survey, execution_date=20260608T161438, start_date=20260608T161459, end_date=20260608T161507
[2026-06-08T16:15:07.133+0000] {standard_task_runner.py:110} ERROR - Failed to execute job 21 for task fetch_so_survey (404 Client Error: Not Found for url: https://cdn.stackoverflow.co/files/jo7n4k8s/production/49915bfd46d0902c3564fd9a06b509d7a2a96a74/stack-overflow-developer-survey-2024.zip; 246)
[2026-06-08T16:15:07.193+0000] {local_task_job_runner.py:240} INFO - Task exited with return code 1
[2026-06-08T16:15:14.439+0000] {taskinstance.py:3482} INFO - 0 downstream tasks scheduled from follow-on schedule check
[2026-06-08T16:15:14.445+0000] {local_task_job_runner.py:222} INFO - ::endgroup::
