[2026-06-08T16:18:54.341+0000] {local_task_job_runner.py:120} INFO - ::group::Pre task execution logs
[2026-06-08T16:18:54.428+0000] {taskinstance.py:2073} INFO - Dependencies all met for dep_context=non-requeueable deps ti=<TaskInstance: developer_job_market_pipeline.fetch_so_survey manual__2026-06-08T16:14:38.488058+00:00 [queued]>
[2026-06-08T16:18:54.439+0000] {taskinstance.py:2073} INFO - Dependencies all met for dep_context=requeueable deps ti=<TaskInstance: developer_job_market_pipeline.fetch_so_survey manual__2026-06-08T16:14:38.488058+00:00 [queued]>
[2026-06-08T16:18:54.441+0000] {taskinstance.py:2303} INFO - Starting attempt 2 of 4
[2026-06-08T16:18:54.465+0000] {taskinstance.py:2327} INFO - Executing <Task(PythonOperator): fetch_so_survey> on 2026-06-08 16:14:38.488058+00:00
[2026-06-08T16:18:54.482+0000] {standard_task_runner.py:90} INFO - Running: ['***', 'tasks', 'run', 'developer_job_market_pipeline', 'fetch_so_survey', 'manual__2026-06-08T16:14:38.488058+00:00', '--job-id', '24', '--raw', '--subdir', 'DAGS_FOLDER/developer_job_market.py', '--cfg-path', '/tmp/tmpxa9yy9fa']
[2026-06-08T16:18:54.493+0000] {standard_task_runner.py:91} INFO - Job 24: Subtask fetch_so_survey
[2026-06-08T16:18:54.509+0000] {logging_mixin.py:188} WARNING - /home/***/.local/lib/python3.12/site-packages/***/task/task_runner/standard_task_runner.py:61 DeprecationWarning: This process (pid=292) is multi-threaded, use of fork() may lead to deadlocks in the child.
[2026-06-08T16:18:54.512+0000] {standard_task_runner.py:63} INFO - Started process 294 to run task
[2026-06-08T16:18:54.736+0000] {task_command.py:426} INFO - Running <TaskInstance: developer_job_market_pipeline.fetch_so_survey manual__2026-06-08T16:14:38.488058+00:00 [running]> on host f3d542c737d6
[2026-06-08T16:18:55.179+0000] {taskinstance.py:2644} INFO - Exporting env vars: AIRFLOW_CTX_DAG_OWNER='orlando' AIRFLOW_CTX_DAG_ID='developer_job_market_pipeline' AIRFLOW_CTX_TASK_ID='fetch_so_survey' AIRFLOW_CTX_EXECUTION_DATE='2026-06-08T16:14:38.488058+00:00' AIRFLOW_CTX_TRY_NUMBER='2' AIRFLOW_CTX_DAG_RUN_ID='manual__2026-06-08T16:14:38.488058+00:00'
[2026-06-08T16:18:55.182+0000] {taskinstance.py:430} INFO - ::endgroup::
[2026-06-08T16:18:55.785+0000] {logging_mixin.py:188} INFO - Downloading SO survey from https://raw.githubusercontent.com/StackExchange/Survey/main/packages/archive/2024/results.csv ...
[2026-06-08T16:18:56.106+0000] {logging_mixin.py:188} INFO -   Downloaded 0.0 MB ...
[2026-06-08T16:18:56.177+0000] {logging_mixin.py:188} INFO - [OK] SO survey stored → raw/so_survey/2024/survey_results_public.csv (0.0 MB)
[2026-06-08T16:18:56.181+0000] {python.py:237} INFO - Done. Returned value was: None
[2026-06-08T16:18:56.182+0000] {taskinstance.py:441} INFO - ::group::Post task execution logs
[2026-06-08T16:18:56.217+0000] {taskinstance.py:1205} INFO - Marking task as SUCCESS. dag_id=developer_job_market_pipeline, task_id=fetch_so_survey, execution_date=20260608T161438, start_date=20260608T161854, end_date=20260608T161856
[2026-06-08T16:18:56.286+0000] {local_task_job_runner.py:240} INFO - Task exited with return code 0
[2026-06-08T16:18:56.350+0000] {taskinstance.py:3482} INFO - 1 downstream tasks scheduled from follow-on schedule check
[2026-06-08T16:18:56.353+0000] {local_task_job_runner.py:222} INFO - ::endgroup::
