[2026-06-08T16:26:05.616+0000] {local_task_job_runner.py:120} INFO - ::group::Pre task execution logs
[2026-06-08T16:26:05.723+0000] {taskinstance.py:2073} INFO - Dependencies all met for dep_context=non-requeueable deps ti=<TaskInstance: developer_job_market_pipeline.index_to_elasticsearch manual__2026-06-08T16:24:42.563436+00:00 [queued]>
[2026-06-08T16:26:05.750+0000] {taskinstance.py:2073} INFO - Dependencies all met for dep_context=requeueable deps ti=<TaskInstance: developer_job_market_pipeline.index_to_elasticsearch manual__2026-06-08T16:24:42.563436+00:00 [queued]>
[2026-06-08T16:26:05.752+0000] {taskinstance.py:2303} INFO - Starting attempt 1 of 3
[2026-06-08T16:26:05.785+0000] {taskinstance.py:2327} INFO - Executing <Task(PythonOperator): index_to_elasticsearch> on 2026-06-08 16:24:42.563436+00:00
[2026-06-08T16:26:05.802+0000] {standard_task_runner.py:90} INFO - Running: ['***', 'tasks', 'run', 'developer_job_market_pipeline', 'index_to_elasticsearch', 'manual__2026-06-08T16:24:42.563436+00:00', '--job-id', '39', '--raw', '--subdir', 'DAGS_FOLDER/developer_job_market.py', '--cfg-path', '/tmp/tmp6dwo6o_h']
[2026-06-08T16:26:05.808+0000] {standard_task_runner.py:91} INFO - Job 39: Subtask index_to_elasticsearch
[2026-06-08T16:26:05.812+0000] {logging_mixin.py:188} WARNING - /home/***/.local/lib/python3.12/site-packages/***/task/task_runner/standard_task_runner.py:61 DeprecationWarning: This process (pid=445) is multi-threaded, use of fork() may lead to deadlocks in the child.
[2026-06-08T16:26:05.815+0000] {standard_task_runner.py:63} INFO - Started process 447 to run task
[2026-06-08T16:26:05.943+0000] {task_command.py:426} INFO - Running <TaskInstance: developer_job_market_pipeline.index_to_elasticsearch manual__2026-06-08T16:24:42.563436+00:00 [running]> on host f3d542c737d6
[2026-06-08T16:26:06.136+0000] {taskinstance.py:2644} INFO - Exporting env vars: AIRFLOW_CTX_DAG_OWNER='orlando' AIRFLOW_CTX_DAG_ID='developer_job_market_pipeline' AIRFLOW_CTX_TASK_ID='index_to_elasticsearch' AIRFLOW_CTX_EXECUTION_DATE='2026-06-08T16:24:42.563436+00:00' AIRFLOW_CTX_TRY_NUMBER='1' AIRFLOW_CTX_DAG_RUN_ID='manual__2026-06-08T16:24:42.563436+00:00'
[2026-06-08T16:26:06.138+0000] {taskinstance.py:430} INFO - ::endgroup::
[2026-06-08T16:26:06.386+0000] {_transport.py:349} INFO - HEAD http://elasticsearch:9200/ [status:200 duration:0.051s]
[2026-06-08T16:26:11.377+0000] {_transport.py:349} INFO - PUT http://elasticsearch:9200/_bulk [status:200 duration:4.882s]
[2026-06-08T16:26:11.382+0000] {logging_mixin.py:188} INFO - [OK] dev-jobs-salary-by-skill: 49 indexed, 0 failed
[2026-06-08T16:26:12.220+0000] {_transport.py:349} INFO - PUT http://elasticsearch:9200/_bulk [status:200 duration:0.762s]
[2026-06-08T16:26:12.221+0000] {logging_mixin.py:188} INFO - [OK] dev-jobs-skill-demand: 24 indexed, 0 failed
[2026-06-08T16:26:12.781+0000] {_transport.py:349} INFO - PUT http://elasticsearch:9200/_bulk [status:200 duration:0.506s]
[2026-06-08T16:26:12.783+0000] {logging_mixin.py:188} INFO - [OK] dev-jobs-remote-ratio: 12 indexed, 0 failed
[2026-06-08T16:26:14.131+0000] {_transport.py:349} INFO - PUT http://elasticsearch:9200/_bulk [status:200 duration:0.866s]
[2026-06-08T16:26:14.133+0000] {logging_mixin.py:188} INFO - [OK] dev-jobs-experience-salary: 185 indexed, 0 failed
[2026-06-08T16:26:14.134+0000] {logging_mixin.py:188} INFO - Elasticsearch indexing complete for 2026-06-08
[2026-06-08T16:26:14.135+0000] {python.py:237} INFO - Done. Returned value was: None
[2026-06-08T16:26:14.136+0000] {taskinstance.py:441} INFO - ::group::Post task execution logs
[2026-06-08T16:26:14.169+0000] {taskinstance.py:1205} INFO - Marking task as SUCCESS. dag_id=developer_job_market_pipeline, task_id=index_to_elasticsearch, execution_date=20260608T162442, start_date=20260608T162605, end_date=20260608T162614
[2026-06-08T16:26:14.258+0000] {local_task_job_runner.py:240} INFO - Task exited with return code 0
[2026-06-08T16:26:14.284+0000] {taskinstance.py:3482} INFO - 0 downstream tasks scheduled from follow-on schedule check
[2026-06-08T16:26:14.286+0000] {local_task_job_runner.py:222} INFO - ::endgroup::
