[2026-06-08T16:24:51.776+0000] {local_task_job_runner.py:120} INFO - ::group::Pre task execution logs
[2026-06-08T16:24:51.851+0000] {taskinstance.py:2073} INFO - Dependencies all met for dep_context=non-requeueable deps ti=<TaskInstance: developer_job_market_pipeline.fetch_adzuna_jobs manual__2026-06-08T16:24:42.563436+00:00 [queued]>
[2026-06-08T16:24:51.869+0000] {taskinstance.py:2073} INFO - Dependencies all met for dep_context=requeueable deps ti=<TaskInstance: developer_job_market_pipeline.fetch_adzuna_jobs manual__2026-06-08T16:24:42.563436+00:00 [queued]>
[2026-06-08T16:24:51.870+0000] {taskinstance.py:2303} INFO - Starting attempt 1 of 3
[2026-06-08T16:24:51.902+0000] {taskinstance.py:2327} INFO - Executing <Task(PythonOperator): fetch_adzuna_jobs> on 2026-06-08 16:24:42.563436+00:00
[2026-06-08T16:24:51.957+0000] {logging_mixin.py:188} WARNING - /home/***/.local/lib/python3.12/site-packages/***/task/task_runner/standard_task_runner.py:61 DeprecationWarning: This process (pid=410) is multi-threaded, use of fork() may lead to deadlocks in the child.
[2026-06-08T16:24:51.961+0000] {standard_task_runner.py:63} INFO - Started process 414 to run task
[2026-06-08T16:24:51.945+0000] {standard_task_runner.py:90} INFO - Running: ['***', 'tasks', 'run', 'developer_job_market_pipeline', 'fetch_adzuna_jobs', 'manual__2026-06-08T16:24:42.563436+00:00', '--job-id', '35', '--raw', '--subdir', 'DAGS_FOLDER/developer_job_market.py', '--cfg-path', '/tmp/tmp18n41y9m']
[2026-06-08T16:24:51.964+0000] {standard_task_runner.py:91} INFO - Job 35: Subtask fetch_adzuna_jobs
[2026-06-08T16:24:53.150+0000] {task_command.py:426} INFO - Running <TaskInstance: developer_job_market_pipeline.fetch_adzuna_jobs manual__2026-06-08T16:24:42.563436+00:00 [running]> on host f3d542c737d6
[2026-06-08T16:24:53.463+0000] {taskinstance.py:2644} INFO - Exporting env vars: AIRFLOW_CTX_DAG_OWNER='orlando' AIRFLOW_CTX_DAG_ID='developer_job_market_pipeline' AIRFLOW_CTX_TASK_ID='fetch_adzuna_jobs' AIRFLOW_CTX_EXECUTION_DATE='2026-06-08T16:24:42.563436+00:00' AIRFLOW_CTX_TRY_NUMBER='1' AIRFLOW_CTX_DAG_RUN_ID='manual__2026-06-08T16:24:42.563436+00:00'
[2026-06-08T16:24:53.465+0000] {taskinstance.py:430} INFO - ::endgroup::
[2026-06-08T16:24:54.227+0000] {logging_mixin.py:188} INFO - [SKIP] raw/adzuna_jobs/2026-06-08/gb_page_1.json already exists
[2026-06-08T16:24:54.244+0000] {logging_mixin.py:188} INFO - [SKIP] raw/adzuna_jobs/2026-06-08/gb_page_2.json already exists
[2026-06-08T16:24:54.286+0000] {logging_mixin.py:188} INFO - [SKIP] raw/adzuna_jobs/2026-06-08/gb_page_3.json already exists
[2026-06-08T16:24:54.299+0000] {logging_mixin.py:188} INFO - [SKIP] raw/adzuna_jobs/2026-06-08/gb_page_4.json already exists
[2026-06-08T16:24:54.363+0000] {logging_mixin.py:188} INFO - [SKIP] raw/adzuna_jobs/2026-06-08/gb_page_5.json already exists
[2026-06-08T16:24:54.404+0000] {logging_mixin.py:188} INFO - [SKIP] raw/adzuna_jobs/2026-06-08/us_page_1.json already exists
[2026-06-08T16:24:54.419+0000] {logging_mixin.py:188} INFO - [SKIP] raw/adzuna_jobs/2026-06-08/us_page_2.json already exists
[2026-06-08T16:24:54.439+0000] {logging_mixin.py:188} INFO - [SKIP] raw/adzuna_jobs/2026-06-08/us_page_3.json already exists
[2026-06-08T16:24:54.476+0000] {logging_mixin.py:188} INFO - [SKIP] raw/adzuna_jobs/2026-06-08/us_page_4.json already exists
[2026-06-08T16:24:54.505+0000] {logging_mixin.py:188} INFO - [SKIP] raw/adzuna_jobs/2026-06-08/us_page_5.json already exists
[2026-06-08T16:24:54.615+0000] {logging_mixin.py:188} INFO - [SKIP] raw/adzuna_jobs/2026-06-08/fr_page_1.json already exists
[2026-06-08T16:24:54.810+0000] {logging_mixin.py:188} INFO - [SKIP] raw/adzuna_jobs/2026-06-08/fr_page_2.json already exists
[2026-06-08T16:24:54.892+0000] {logging_mixin.py:188} INFO - [SKIP] raw/adzuna_jobs/2026-06-08/fr_page_3.json already exists
[2026-06-08T16:24:54.957+0000] {logging_mixin.py:188} INFO - [SKIP] raw/adzuna_jobs/2026-06-08/fr_page_4.json already exists
[2026-06-08T16:24:54.979+0000] {logging_mixin.py:188} INFO - [SKIP] raw/adzuna_jobs/2026-06-08/fr_page_5.json already exists
[2026-06-08T16:24:54.996+0000] {logging_mixin.py:188} INFO - [SKIP] raw/adzuna_jobs/2026-06-08/de_page_1.json already exists
[2026-06-08T16:24:55.021+0000] {logging_mixin.py:188} INFO - [SKIP] raw/adzuna_jobs/2026-06-08/de_page_2.json already exists
[2026-06-08T16:24:55.039+0000] {logging_mixin.py:188} INFO - [SKIP] raw/adzuna_jobs/2026-06-08/de_page_3.json already exists
[2026-06-08T16:24:55.069+0000] {logging_mixin.py:188} INFO - [SKIP] raw/adzuna_jobs/2026-06-08/de_page_4.json already exists
[2026-06-08T16:24:55.144+0000] {logging_mixin.py:188} INFO - [SKIP] raw/adzuna_jobs/2026-06-08/de_page_5.json already exists
[2026-06-08T16:24:55.194+0000] {logging_mixin.py:188} INFO - [SKIP] raw/adzuna_jobs/2026-06-08/nl_page_1.json already exists
[2026-06-08T16:24:55.248+0000] {logging_mixin.py:188} INFO - [SKIP] raw/adzuna_jobs/2026-06-08/nl_page_2.json already exists
[2026-06-08T16:24:55.288+0000] {logging_mixin.py:188} INFO - [SKIP] raw/adzuna_jobs/2026-06-08/nl_page_3.json already exists
[2026-06-08T16:24:55.358+0000] {logging_mixin.py:188} INFO - [SKIP] raw/adzuna_jobs/2026-06-08/nl_page_4.json already exists
[2026-06-08T16:24:55.392+0000] {logging_mixin.py:188} INFO - [SKIP] raw/adzuna_jobs/2026-06-08/nl_page_5.json already exists
[2026-06-08T16:24:55.396+0000] {logging_mixin.py:188} INFO - Adzuna ingestion complete for 2026-06-08
[2026-06-08T16:24:55.403+0000] {python.py:237} INFO - Done. Returned value was: None
[2026-06-08T16:24:55.404+0000] {taskinstance.py:441} INFO - ::group::Post task execution logs
[2026-06-08T16:24:55.519+0000] {taskinstance.py:1205} INFO - Marking task as SUCCESS. dag_id=developer_job_market_pipeline, task_id=fetch_adzuna_jobs, execution_date=20260608T162442, start_date=20260608T162451, end_date=20260608T162455
[2026-06-08T16:24:55.593+0000] {local_task_job_runner.py:240} INFO - Task exited with return code 0
[2026-06-08T16:24:55.677+0000] {taskinstance.py:3482} INFO - 1 downstream tasks scheduled from follow-on schedule check
[2026-06-08T16:24:55.680+0000] {local_task_job_runner.py:222} INFO - ::endgroup::
