[2026-06-08T16:25:58.886+0000] {local_task_job_runner.py:120} INFO - ::group::Pre task execution logs
[2026-06-08T16:25:59.017+0000] {taskinstance.py:2073} INFO - Dependencies all met for dep_context=non-requeueable deps ti=<TaskInstance: developer_job_market_pipeline.combine_kpis manual__2026-06-08T16:24:42.563436+00:00 [queued]>
[2026-06-08T16:25:59.035+0000] {taskinstance.py:2073} INFO - Dependencies all met for dep_context=requeueable deps ti=<TaskInstance: developer_job_market_pipeline.combine_kpis manual__2026-06-08T16:24:42.563436+00:00 [queued]>
[2026-06-08T16:25:59.036+0000] {taskinstance.py:2303} INFO - Starting attempt 1 of 3
[2026-06-08T16:25:59.093+0000] {taskinstance.py:2327} INFO - Executing <Task(PythonOperator): combine_kpis> on 2026-06-08 16:24:42.563436+00:00
[2026-06-08T16:25:59.309+0000] {standard_task_runner.py:90} INFO - Running: ['***', 'tasks', 'run', 'developer_job_market_pipeline', 'combine_kpis', 'manual__2026-06-08T16:24:42.563436+00:00', '--job-id', '38', '--raw', '--subdir', 'DAGS_FOLDER/developer_job_market.py', '--cfg-path', '/tmp/tmpr5j2al1j']
[2026-06-08T16:25:59.324+0000] {standard_task_runner.py:91} INFO - Job 38: Subtask combine_kpis
[2026-06-08T16:25:59.327+0000] {logging_mixin.py:188} WARNING - /home/***/.local/lib/python3.12/site-packages/***/task/task_runner/standard_task_runner.py:61 DeprecationWarning: This process (pid=437) is multi-threaded, use of fork() may lead to deadlocks in the child.
[2026-06-08T16:25:59.329+0000] {standard_task_runner.py:63} INFO - Started process 439 to run task
[2026-06-08T16:25:59.542+0000] {task_command.py:426} INFO - Running <TaskInstance: developer_job_market_pipeline.combine_kpis manual__2026-06-08T16:24:42.563436+00:00 [running]> on host f3d542c737d6
[2026-06-08T16:26:00.007+0000] {taskinstance.py:2644} INFO - Exporting env vars: AIRFLOW_CTX_DAG_OWNER='orlando' AIRFLOW_CTX_DAG_ID='developer_job_market_pipeline' AIRFLOW_CTX_TASK_ID='combine_kpis' AIRFLOW_CTX_EXECUTION_DATE='2026-06-08T16:24:42.563436+00:00' AIRFLOW_CTX_TRY_NUMBER='1' AIRFLOW_CTX_DAG_RUN_ID='manual__2026-06-08T16:24:42.563436+00:00'
[2026-06-08T16:26:00.010+0000] {taskinstance.py:430} INFO - ::endgroup::
[2026-06-08T16:26:00.866+0000] {logging_mixin.py:188} INFO - Loading formatted sources ...
[2026-06-08T16:26:01.784+0000] {logging_mixin.py:188} INFO -   Adzuna: 820 postings | SO Survey: 59477 respondents
[2026-06-08T16:26:02.620+0000] {logging_mixin.py:188} INFO - [OK] salary_by_skill: 49 rows → usage/kpis/2026-06-08/salary_by_skill.parquet
[2026-06-08T16:26:02.644+0000] {logging_mixin.py:188} INFO - [OK] skill_demand_ranking: 24 rows → usage/kpis/2026-06-08/skill_demand_ranking.parquet
[2026-06-08T16:26:02.677+0000] {logging_mixin.py:188} INFO - [OK] remote_ratio_by_country: 12 rows → usage/kpis/2026-06-08/remote_ratio_by_country.parquet
[2026-06-08T16:26:02.703+0000] {logging_mixin.py:188} WARNING - /opt/***/jobs/combine_kpis.py:104 FutureWarning: The default of observed=False is deprecated and will be changed to True in a future version of pandas. Pass observed=False to retain current behavior or observed=True to adopt the future default and silence this warning.
[2026-06-08T16:26:02.786+0000] {logging_mixin.py:188} INFO - [OK] experience_salary_matrix: 185 rows → usage/kpis/2026-06-08/experience_salary_matrix.parquet
[2026-06-08T16:26:02.795+0000] {python.py:237} INFO - Done. Returned value was: None
[2026-06-08T16:26:02.797+0000] {taskinstance.py:441} INFO - ::group::Post task execution logs
[2026-06-08T16:26:02.822+0000] {taskinstance.py:1205} INFO - Marking task as SUCCESS. dag_id=developer_job_market_pipeline, task_id=combine_kpis, execution_date=20260608T162442, start_date=20260608T162559, end_date=20260608T162602
[2026-06-08T16:26:02.891+0000] {local_task_job_runner.py:240} INFO - Task exited with return code 0
[2026-06-08T16:26:02.926+0000] {taskinstance.py:3482} INFO - 1 downstream tasks scheduled from follow-on schedule check
[2026-06-08T16:26:02.929+0000] {local_task_job_runner.py:222} INFO - ::endgroup::
