[2026-06-08T16:24:51.353+0000] {local_task_job_runner.py:120} INFO - ::group::Pre task execution logs
[2026-06-08T16:24:51.478+0000] {taskinstance.py:2073} INFO - Dependencies all met for dep_context=non-requeueable deps ti=<TaskInstance: developer_job_market_pipeline.fetch_so_survey manual__2026-06-08T16:24:42.563436+00:00 [queued]>
[2026-06-08T16:24:51.612+0000] {taskinstance.py:2073} INFO - Dependencies all met for dep_context=requeueable deps ti=<TaskInstance: developer_job_market_pipeline.fetch_so_survey manual__2026-06-08T16:24:42.563436+00:00 [queued]>
[2026-06-08T16:24:51.615+0000] {taskinstance.py:2303} INFO - Starting attempt 1 of 3
[2026-06-08T16:24:51.664+0000] {taskinstance.py:2327} INFO - Executing <Task(PythonOperator): fetch_so_survey> on 2026-06-08 16:24:42.563436+00:00
[2026-06-08T16:24:51.729+0000] {standard_task_runner.py:90} INFO - Running: ['***', 'tasks', 'run', 'developer_job_market_pipeline', 'fetch_so_survey', 'manual__2026-06-08T16:24:42.563436+00:00', '--job-id', '34', '--raw', '--subdir', 'DAGS_FOLDER/developer_job_market.py', '--cfg-path', '/tmp/tmps3ridg4b']
[2026-06-08T16:24:51.736+0000] {standard_task_runner.py:91} INFO - Job 34: Subtask fetch_so_survey
[2026-06-08T16:24:51.741+0000] {logging_mixin.py:188} WARNING - /home/***/.local/lib/python3.12/site-packages/***/task/task_runner/standard_task_runner.py:61 DeprecationWarning: This process (pid=409) is multi-threaded, use of fork() may lead to deadlocks in the child.
[2026-06-08T16:24:51.744+0000] {standard_task_runner.py:63} INFO - Started process 413 to run task
[2026-06-08T16:24:51.906+0000] {task_command.py:426} INFO - Running <TaskInstance: developer_job_market_pipeline.fetch_so_survey manual__2026-06-08T16:24:42.563436+00:00 [running]> on host f3d542c737d6
[2026-06-08T16:24:53.230+0000] {taskinstance.py:2644} INFO - Exporting env vars: AIRFLOW_CTX_DAG_OWNER='orlando' AIRFLOW_CTX_DAG_ID='developer_job_market_pipeline' AIRFLOW_CTX_TASK_ID='fetch_so_survey' AIRFLOW_CTX_EXECUTION_DATE='2026-06-08T16:24:42.563436+00:00' AIRFLOW_CTX_TRY_NUMBER='1' AIRFLOW_CTX_DAG_RUN_ID='manual__2026-06-08T16:24:42.563436+00:00'
[2026-06-08T16:24:53.231+0000] {taskinstance.py:430} INFO - ::endgroup::
[2026-06-08T16:24:53.957+0000] {logging_mixin.py:188} INFO - Downloading SO survey from https://media.githubusercontent.com/media/StackExchange/Survey/main/packages/archive/2024/results.csv ...
[2026-06-08T16:24:55.904+0000] {logging_mixin.py:188} INFO -   Downloaded 8.4 MB ...
[2026-06-08T16:24:56.740+0000] {logging_mixin.py:188} INFO -   Downloaded 16.8 MB ...
[2026-06-08T16:24:57.637+0000] {logging_mixin.py:188} INFO -   Downloaded 25.2 MB ...
[2026-06-08T16:24:59.081+0000] {logging_mixin.py:188} INFO -   Downloaded 33.6 MB ...
[2026-06-08T16:24:59.895+0000] {logging_mixin.py:188} INFO -   Downloaded 41.9 MB ...
[2026-06-08T16:25:01.019+0000] {logging_mixin.py:188} INFO -   Downloaded 50.3 MB ...
[2026-06-08T16:25:02.418+0000] {logging_mixin.py:188} INFO -   Downloaded 58.7 MB ...
[2026-06-08T16:25:04.201+0000] {logging_mixin.py:188} INFO -   Downloaded 67.1 MB ...
[2026-06-08T16:25:06.103+0000] {logging_mixin.py:188} INFO -   Downloaded 75.5 MB ...
[2026-06-08T16:25:07.758+0000] {logging_mixin.py:188} INFO -   Downloaded 83.9 MB ...
[2026-06-08T16:25:09.112+0000] {logging_mixin.py:188} INFO -   Downloaded 92.3 MB ...
[2026-06-08T16:25:10.651+0000] {logging_mixin.py:188} INFO -   Downloaded 100.7 MB ...
[2026-06-08T16:25:12.186+0000] {logging_mixin.py:188} INFO -   Downloaded 109.1 MB ...
[2026-06-08T16:25:13.293+0000] {logging_mixin.py:188} INFO -   Downloaded 117.4 MB ...
[2026-06-08T16:25:14.131+0000] {logging_mixin.py:188} INFO -   Downloaded 125.8 MB ...
[2026-06-08T16:25:14.843+0000] {logging_mixin.py:188} INFO -   Downloaded 134.2 MB ...
[2026-06-08T16:25:15.837+0000] {logging_mixin.py:188} INFO -   Downloaded 142.6 MB ...
[2026-06-08T16:25:17.284+0000] {logging_mixin.py:188} INFO -   Downloaded 151.0 MB ...
[2026-06-08T16:25:18.513+0000] {logging_mixin.py:188} INFO -   Downloaded 159.4 MB ...
[2026-06-08T16:25:18.553+0000] {logging_mixin.py:188} INFO -   Downloaded 159.5 MB ...
[2026-06-08T16:25:30.082+0000] {logging_mixin.py:188} INFO - [OK] SO survey stored → raw/so_survey/2024/survey_results_public.csv (159.5 MB)
[2026-06-08T16:25:30.126+0000] {python.py:237} INFO - Done. Returned value was: None
[2026-06-08T16:25:30.130+0000] {taskinstance.py:441} INFO - ::group::Post task execution logs
[2026-06-08T16:25:30.175+0000] {taskinstance.py:1205} INFO - Marking task as SUCCESS. dag_id=developer_job_market_pipeline, task_id=fetch_so_survey, execution_date=20260608T162442, start_date=20260608T162451, end_date=20260608T162530
[2026-06-08T16:25:30.245+0000] {local_task_job_runner.py:240} INFO - Task exited with return code 0
[2026-06-08T16:25:30.322+0000] {taskinstance.py:3482} INFO - 1 downstream tasks scheduled from follow-on schedule check
[2026-06-08T16:25:30.324+0000] {local_task_job_runner.py:222} INFO - ::endgroup::
