[2026-06-08T16:10:47.581+0000] {local_task_job_runner.py:120} INFO - ::group::Pre task execution logs
[2026-06-08T16:10:47.754+0000] {taskinstance.py:2073} INFO - Dependencies all met for dep_context=non-requeueable deps ti=<TaskInstance: developer_job_market_pipeline.fetch_adzuna_jobs scheduled__2026-06-07T00:00:00+00:00 [queued]>
[2026-06-08T16:10:47.780+0000] {taskinstance.py:2073} INFO - Dependencies all met for dep_context=requeueable deps ti=<TaskInstance: developer_job_market_pipeline.fetch_adzuna_jobs scheduled__2026-06-07T00:00:00+00:00 [queued]>
[2026-06-08T16:10:47.781+0000] {taskinstance.py:2303} INFO - Starting attempt 3 of 3
[2026-06-08T16:10:47.824+0000] {taskinstance.py:2327} INFO - Executing <Task(PythonOperator): fetch_adzuna_jobs> on 2026-06-07 00:00:00+00:00
[2026-06-08T16:10:47.900+0000] {standard_task_runner.py:90} INFO - Running: ['***', 'tasks', 'run', 'developer_job_market_pipeline', 'fetch_adzuna_jobs', 'scheduled__2026-06-07T00:00:00+00:00', '--job-id', '13', '--raw', '--subdir', 'DAGS_FOLDER/developer_job_market.py', '--cfg-path', '/tmp/tmpid9e2l5g']
[2026-06-08T16:10:47.913+0000] {standard_task_runner.py:91} INFO - Job 13: Subtask fetch_adzuna_jobs
[2026-06-08T16:10:48.006+0000] {logging_mixin.py:188} WARNING - /home/***/.local/lib/python3.12/site-packages/***/task/task_runner/standard_task_runner.py:61 DeprecationWarning: This process (pid=171) is multi-threaded, use of fork() may lead to deadlocks in the child.
[2026-06-08T16:10:48.032+0000] {standard_task_runner.py:63} INFO - Started process 180 to run task
[2026-06-08T16:10:48.153+0000] {task_command.py:426} INFO - Running <TaskInstance: developer_job_market_pipeline.fetch_adzuna_jobs scheduled__2026-06-07T00:00:00+00:00 [running]> on host f3d542c737d6
[2026-06-08T16:10:49.246+0000] {taskinstance.py:2644} INFO - Exporting env vars: AIRFLOW_CTX_DAG_OWNER='orlando' AIRFLOW_CTX_DAG_ID='developer_job_market_pipeline' AIRFLOW_CTX_TASK_ID='fetch_adzuna_jobs' AIRFLOW_CTX_EXECUTION_DATE='2026-06-07T00:00:00+00:00' AIRFLOW_CTX_TRY_NUMBER='3' AIRFLOW_CTX_DAG_RUN_ID='scheduled__2026-06-07T00:00:00+00:00'
[2026-06-08T16:10:49.248+0000] {taskinstance.py:430} INFO - ::endgroup::
[2026-06-08T16:11:03.467+0000] {logging_mixin.py:188} INFO - [OK] Stored 50 postings → raw/adzuna_jobs/2026-06-07/gb_page_1.json
[2026-06-08T16:11:05.052+0000] {logging_mixin.py:188} INFO - [OK] Stored 50 postings → raw/adzuna_jobs/2026-06-07/gb_page_2.json
[2026-06-08T16:11:07.185+0000] {logging_mixin.py:188} INFO - [OK] Stored 50 postings → raw/adzuna_jobs/2026-06-07/gb_page_3.json
[2026-06-08T16:11:08.833+0000] {logging_mixin.py:188} INFO - [OK] Stored 50 postings → raw/adzuna_jobs/2026-06-07/gb_page_4.json
[2026-06-08T16:11:10.497+0000] {logging_mixin.py:188} INFO - [OK] Stored 50 postings → raw/adzuna_jobs/2026-06-07/gb_page_5.json
[2026-06-08T16:11:12.386+0000] {logging_mixin.py:188} INFO - [OK] Stored 50 postings → raw/adzuna_jobs/2026-06-07/us_page_1.json
[2026-06-08T16:11:14.309+0000] {logging_mixin.py:188} INFO - [OK] Stored 50 postings → raw/adzuna_jobs/2026-06-07/us_page_2.json
[2026-06-08T16:11:16.262+0000] {logging_mixin.py:188} INFO - [OK] Stored 50 postings → raw/adzuna_jobs/2026-06-07/us_page_3.json
[2026-06-08T16:11:18.089+0000] {logging_mixin.py:188} INFO - [OK] Stored 50 postings → raw/adzuna_jobs/2026-06-07/us_page_4.json
[2026-06-08T16:11:20.030+0000] {logging_mixin.py:188} INFO - [OK] Stored 50 postings → raw/adzuna_jobs/2026-06-07/us_page_5.json
[2026-06-08T16:11:22.045+0000] {logging_mixin.py:188} INFO - [OK] Stored 44 postings → raw/adzuna_jobs/2026-06-07/fr_page_1.json
[2026-06-08T16:11:22.809+0000] {logging_mixin.py:188} INFO - [OK] Stored 0 postings → raw/adzuna_jobs/2026-06-07/fr_page_2.json
[2026-06-08T16:11:23.547+0000] {logging_mixin.py:188} INFO - [OK] Stored 0 postings → raw/adzuna_jobs/2026-06-07/fr_page_3.json
[2026-06-08T16:11:24.275+0000] {logging_mixin.py:188} INFO - [OK] Stored 0 postings → raw/adzuna_jobs/2026-06-07/fr_page_4.json
[2026-06-08T16:11:25.135+0000] {logging_mixin.py:188} INFO - [OK] Stored 0 postings → raw/adzuna_jobs/2026-06-07/fr_page_5.json
[2026-06-08T16:11:26.584+0000] {logging_mixin.py:188} INFO - [OK] Stored 50 postings → raw/adzuna_jobs/2026-06-07/de_page_1.json
[2026-06-08T16:11:28.662+0000] {logging_mixin.py:188} INFO - [OK] Stored 50 postings → raw/adzuna_jobs/2026-06-07/de_page_2.json
[2026-06-08T16:11:30.185+0000] {logging_mixin.py:188} INFO - [OK] Stored 50 postings → raw/adzuna_jobs/2026-06-07/de_page_3.json
[2026-06-08T16:11:31.859+0000] {logging_mixin.py:188} INFO - [OK] Stored 50 postings → raw/adzuna_jobs/2026-06-07/de_page_4.json
[2026-06-08T16:11:33.567+0000] {logging_mixin.py:188} INFO - [OK] Stored 38 postings → raw/adzuna_jobs/2026-06-07/de_page_5.json
[2026-06-08T16:11:35.381+0000] {logging_mixin.py:188} INFO - [OK] Stored 38 postings → raw/adzuna_jobs/2026-06-07/nl_page_1.json
[2026-06-08T16:11:36.120+0000] {logging_mixin.py:188} INFO - [OK] Stored 0 postings → raw/adzuna_jobs/2026-06-07/nl_page_2.json
[2026-06-08T16:11:36.828+0000] {logging_mixin.py:188} INFO - [OK] Stored 0 postings → raw/adzuna_jobs/2026-06-07/nl_page_3.json
[2026-06-08T16:11:37.476+0000] {logging_mixin.py:188} INFO - [OK] Stored 0 postings → raw/adzuna_jobs/2026-06-07/nl_page_4.json
[2026-06-08T16:11:38.084+0000] {logging_mixin.py:188} INFO - [OK] Stored 0 postings → raw/adzuna_jobs/2026-06-07/nl_page_5.json
[2026-06-08T16:11:38.085+0000] {logging_mixin.py:188} INFO - Adzuna ingestion complete for 2026-06-07
[2026-06-08T16:11:38.094+0000] {python.py:237} INFO - Done. Returned value was: None
[2026-06-08T16:11:38.104+0000] {taskinstance.py:441} INFO - ::group::Post task execution logs
[2026-06-08T16:11:38.161+0000] {taskinstance.py:1205} INFO - Marking task as SUCCESS. dag_id=developer_job_market_pipeline, task_id=fetch_adzuna_jobs, execution_date=20260607T000000, start_date=20260608T161047, end_date=20260608T161138
[2026-06-08T16:11:38.291+0000] {local_task_job_runner.py:240} INFO - Task exited with return code 0
[2026-06-08T16:11:38.477+0000] {taskinstance.py:3482} INFO - 0 downstream tasks scheduled from follow-on schedule check
[2026-06-08T16:11:38.484+0000] {local_task_job_runner.py:222} INFO - ::endgroup::
