[2026-06-08T16:24:30.523+0000] {local_task_job_runner.py:120} INFO - ::group::Pre task execution logs
[2026-06-08T16:24:30.570+0000] {taskinstance.py:2073} INFO - Dependencies all met for dep_context=non-requeueable deps ti=<TaskInstance: developer_job_market_pipeline.format_so_survey manual__2026-06-08T16:19:09.905605+00:00 [queued]>
[2026-06-08T16:24:30.581+0000] {taskinstance.py:2073} INFO - Dependencies all met for dep_context=requeueable deps ti=<TaskInstance: developer_job_market_pipeline.format_so_survey manual__2026-06-08T16:19:09.905605+00:00 [queued]>
[2026-06-08T16:24:30.582+0000] {taskinstance.py:2303} INFO - Starting attempt 2 of 3
[2026-06-08T16:24:30.599+0000] {taskinstance.py:2327} INFO - Executing <Task(PythonOperator): format_so_survey> on 2026-06-08 16:19:09.905605+00:00
[2026-06-08T16:24:30.621+0000] {standard_task_runner.py:90} INFO - Running: ['***', 'tasks', 'run', 'developer_job_market_pipeline', 'format_so_survey', 'manual__2026-06-08T16:19:09.905605+00:00', '--job-id', '33', '--raw', '--subdir', 'DAGS_FOLDER/developer_job_market.py', '--cfg-path', '/tmp/tmpt97rgqg8']
[2026-06-08T16:24:30.626+0000] {standard_task_runner.py:91} INFO - Job 33: Subtask format_so_survey
[2026-06-08T16:24:30.629+0000] {logging_mixin.py:188} WARNING - /home/***/.local/lib/python3.12/site-packages/***/task/task_runner/standard_task_runner.py:61 DeprecationWarning: This process (pid=400) is multi-threaded, use of fork() may lead to deadlocks in the child.
[2026-06-08T16:24:30.630+0000] {standard_task_runner.py:63} INFO - Started process 402 to run task
[2026-06-08T16:24:30.720+0000] {task_command.py:426} INFO - Running <TaskInstance: developer_job_market_pipeline.format_so_survey manual__2026-06-08T16:19:09.905605+00:00 [running]> on host f3d542c737d6
[2026-06-08T16:24:30.920+0000] {taskinstance.py:2644} INFO - Exporting env vars: AIRFLOW_CTX_DAG_OWNER='orlando' AIRFLOW_CTX_DAG_ID='developer_job_market_pipeline' AIRFLOW_CTX_TASK_ID='format_so_survey' AIRFLOW_CTX_EXECUTION_DATE='2026-06-08T16:19:09.905605+00:00' AIRFLOW_CTX_TRY_NUMBER='2' AIRFLOW_CTX_DAG_RUN_ID='manual__2026-06-08T16:19:09.905605+00:00'
[2026-06-08T16:24:30.922+0000] {taskinstance.py:430} INFO - ::endgroup::
[2026-06-08T16:24:31.278+0000] {logging_mixin.py:188} INFO - Reading SO survey CSV from S3 ...
[2026-06-08T16:24:31.288+0000] {taskinstance.py:441} INFO - ::group::Post task execution logs
[2026-06-08T16:24:31.289+0000] {taskinstance.py:2890} ERROR - Task failed with exception
Traceback (most recent call last):
  File "/home/airflow/.local/lib/python3.12/site-packages/airflow/models/taskinstance.py", line 465, in _execute_task
    result = _execute_callable(context=context, **execute_callable_kwargs)
             ^^^^^^^^^^^^^^^^^^^^^^^^^^^^^^^^^^^^^^^^^^^^^^^^^^^^^^^^^^^^^
  File "/home/airflow/.local/lib/python3.12/site-packages/airflow/models/taskinstance.py", line 432, in _execute_callable
    return execute_callable(context=context, **execute_callable_kwargs)
           ^^^^^^^^^^^^^^^^^^^^^^^^^^^^^^^^^^^^^^^^^^^^^^^^^^^^^^^^^^^^
  File "/home/airflow/.local/lib/python3.12/site-packages/airflow/models/baseoperator.py", line 400, in wrapper
    return func(self, *args, **kwargs)
           ^^^^^^^^^^^^^^^^^^^^^^^^^^^
  File "/home/airflow/.local/lib/python3.12/site-packages/airflow/operators/python.py", line 235, in execute
    return_value = self.execute_callable()
                   ^^^^^^^^^^^^^^^^^^^^^^^
  File "/home/airflow/.local/lib/python3.12/site-packages/airflow/operators/python.py", line 252, in execute_callable
    return self.python_callable(*self.op_args, **self.op_kwargs)
           ^^^^^^^^^^^^^^^^^^^^^^^^^^^^^^^^^^^^^^^^^^^^^^^^^^^^^
  File "/opt/airflow/jobs/format_so_survey.py", line 73, in format_so_survey
    raw_bytes = s3_utils.get_bytes(s3, RAW_KEY)
                ^^^^^^^^^^^^^^^^^^^^^^^^^^^^^^^
  File "/opt/airflow/jobs/utils/s3.py", line 58, in get_bytes
    return s3.get_object(Bucket=BUCKET, Key=key)["Body"].read()
           ^^^^^^^^^^^^^^^^^^^^^^^^^^^^^^^^^^^^^
  File "/home/airflow/.local/lib/python3.12/site-packages/botocore/client.py", line 553, in _api_call
    return self._make_api_call(operation_name, kwargs)
           ^^^^^^^^^^^^^^^^^^^^^^^^^^^^^^^^^^^^^^^^^^^
  File "/home/airflow/.local/lib/python3.12/site-packages/botocore/client.py", line 1009, in _make_api_call
    raise error_class(parsed_response, operation_name)
botocore.errorfactory.NoSuchKey: An error occurred (NoSuchKey) when calling the GetObject operation: The specified key does not exist.
[2026-06-08T16:24:31.310+0000] {taskinstance.py:1205} INFO - Marking task as UP_FOR_RETRY. dag_id=developer_job_market_pipeline, task_id=format_so_survey, execution_date=20260608T161909, start_date=20260608T162430, end_date=20260608T162431
[2026-06-08T16:24:31.325+0000] {standard_task_runner.py:110} ERROR - Failed to execute job 33 for task format_so_survey (An error occurred (NoSuchKey) when calling the GetObject operation: The specified key does not exist.; 402)
[2026-06-08T16:24:31.363+0000] {local_task_job_runner.py:240} INFO - Task exited with return code 1
[2026-06-08T16:24:31.394+0000] {taskinstance.py:3482} INFO - 0 downstream tasks scheduled from follow-on schedule check
[2026-06-08T16:24:31.397+0000] {local_task_job_runner.py:222} INFO - ::endgroup::
