[2026-06-08T16:19:27.317+0000] {local_task_job_runner.py:120} INFO - ::group::Pre task execution logs
[2026-06-08T16:19:27.395+0000] {taskinstance.py:2073} INFO - Dependencies all met for dep_context=non-requeueable deps ti=<TaskInstance: developer_job_market_pipeline.format_so_survey manual__2026-06-08T16:19:09.905605+00:00 [queued]>
[2026-06-08T16:19:27.418+0000] {taskinstance.py:2073} INFO - Dependencies all met for dep_context=requeueable deps ti=<TaskInstance: developer_job_market_pipeline.format_so_survey manual__2026-06-08T16:19:09.905605+00:00 [queued]>
[2026-06-08T16:19:27.419+0000] {taskinstance.py:2303} INFO - Starting attempt 1 of 3
[2026-06-08T16:19:27.448+0000] {taskinstance.py:2327} INFO - Executing <Task(PythonOperator): format_so_survey> on 2026-06-08 16:19:09.905605+00:00
[2026-06-08T16:19:27.473+0000] {standard_task_runner.py:90} INFO - Running: ['***', 'tasks', 'run', 'developer_job_market_pipeline', 'format_so_survey', 'manual__2026-06-08T16:19:09.905605+00:00', '--job-id', '29', '--raw', '--subdir', 'DAGS_FOLDER/developer_job_market.py', '--cfg-path', '/tmp/tmpnh5_une7']
[2026-06-08T16:19:27.478+0000] {standard_task_runner.py:91} INFO - Job 29: Subtask format_so_survey
[2026-06-08T16:19:27.481+0000] {logging_mixin.py:188} WARNING - /home/***/.local/lib/python3.12/site-packages/***/task/task_runner/standard_task_runner.py:61 DeprecationWarning: This process (pid=311) is multi-threaded, use of fork() may lead to deadlocks in the child.
[2026-06-08T16:19:27.484+0000] {standard_task_runner.py:63} INFO - Started process 315 to run task
[2026-06-08T16:19:27.599+0000] {task_command.py:426} INFO - Running <TaskInstance: developer_job_market_pipeline.format_so_survey manual__2026-06-08T16:19:09.905605+00:00 [running]> on host f3d542c737d6
[2026-06-08T16:19:27.801+0000] {taskinstance.py:2644} INFO - Exporting env vars: AIRFLOW_CTX_DAG_OWNER='orlando' AIRFLOW_CTX_DAG_ID='developer_job_market_pipeline' AIRFLOW_CTX_TASK_ID='format_so_survey' AIRFLOW_CTX_EXECUTION_DATE='2026-06-08T16:19:09.905605+00:00' AIRFLOW_CTX_TRY_NUMBER='1' AIRFLOW_CTX_DAG_RUN_ID='manual__2026-06-08T16:19:09.905605+00:00'
[2026-06-08T16:19:27.803+0000] {taskinstance.py:430} INFO - ::endgroup::
[2026-06-08T16:19:28.081+0000] {logging_mixin.py:188} INFO - Reading SO survey CSV from S3 ...
[2026-06-08T16:19:28.119+0000] {logging_mixin.py:188} INFO - Loaded 2 survey responses, 1 columns
[2026-06-08T16:19:28.125+0000] {taskinstance.py:441} INFO - ::group::Post task execution logs
[2026-06-08T16:19:28.126+0000] {taskinstance.py:2890} ERROR - Task failed with exception
Traceback (most recent call last):
  File "/home/airflow/.local/lib/python3.12/site-packages/pandas/core/indexes/base.py", line 3791, in get_loc
    return self._engine.get_loc(casted_key)
           ^^^^^^^^^^^^^^^^^^^^^^^^^^^^^^^^
  File "index.pyx", line 152, in pandas._libs.index.IndexEngine.get_loc
  File "index.pyx", line 181, in pandas._libs.index.IndexEngine.get_loc
  File "pandas/_libs/hashtable_class_helper.pxi", line 7080, in pandas._libs.hashtable.PyObjectHashTable.get_item
  File "pandas/_libs/hashtable_class_helper.pxi", line 7088, in pandas._libs.hashtable.PyObjectHashTable.get_item
KeyError: 'RemoteWork'

The above exception was the direct cause of the following exception:

Traceback (most recent call last):
  File "/home/airflow/.local/lib/python3.12/site-packages/airflow/models/taskinstance.py", line 465, in _execute_task
    result = _execute_callable(context=context, **execute_callable_kwargs)
             ^^^^^^^^^^^^^^^^^^^^^^^^^^^^^^^^^^^^^^^^^^^^^^^^^^^^^^^^^^^^^
  File "/home/airflow/.local/lib/python3.12/site-packages/airflow/models/taskinstance.py", line 432, in _execute_callable
    return execute_callable(context=context, **execute_callable_kwargs)
           ^^^^^^^^^^^^^^^^^^^^^^^^^^^^^^^^^^^^^^^^^^^^^^^^^^^^^^^^^^^^
  File "/home/airflow/.local/lib/python3.12/site-packages/airflow/models/baseoperator.py", line 400, in wrapper
    return func(self, *args, **kwargs)
           ^^^^^^^^^^^^^^^^^^^^^^^^^^^
  File "/home/airflow/.local/lib/python3.12/site-packages/airflow/operators/python.py", line 235, in execute
    return_value = self.execute_callable()
                   ^^^^^^^^^^^^^^^^^^^^^^^
  File "/home/airflow/.local/lib/python3.12/site-packages/airflow/operators/python.py", line 252, in execute_callable
    return self.python_callable(*self.op_args, **self.op_kwargs)
           ^^^^^^^^^^^^^^^^^^^^^^^^^^^^^^^^^^^^^^^^^^^^^^^^^^^^^
  File "/opt/airflow/jobs/format_so_survey.py", line 82, in format_so_survey
    df["work_mode"]         = df["RemoteWork"].map(REMOTE_WORK_MAP).fillna("unknown")
                              ~~^^^^^^^^^^^^^^
  File "/home/airflow/.local/lib/python3.12/site-packages/pandas/core/frame.py", line 3893, in __getitem__
    indexer = self.columns.get_loc(key)
              ^^^^^^^^^^^^^^^^^^^^^^^^^
  File "/home/airflow/.local/lib/python3.12/site-packages/pandas/core/indexes/base.py", line 3798, in get_loc
    raise KeyError(key) from err
KeyError: 'RemoteWork'
[2026-06-08T16:19:28.154+0000] {taskinstance.py:1205} INFO - Marking task as UP_FOR_RETRY. dag_id=developer_job_market_pipeline, task_id=format_so_survey, execution_date=20260608T161909, start_date=20260608T161927, end_date=20260608T161928
[2026-06-08T16:19:28.173+0000] {standard_task_runner.py:110} ERROR - Failed to execute job 29 for task format_so_survey ('RemoteWork'; 315)
[2026-06-08T16:19:28.207+0000] {local_task_job_runner.py:240} INFO - Task exited with return code 1
[2026-06-08T16:19:28.267+0000] {taskinstance.py:3482} INFO - 0 downstream tasks scheduled from follow-on schedule check
[2026-06-08T16:19:28.274+0000] {local_task_job_runner.py:222} INFO - ::endgroup::
