[2026-06-08T16:10:47.663+0000] {local_task_job_runner.py:120} INFO - ::group::Pre task execution logs
[2026-06-08T16:10:47.814+0000] {taskinstance.py:2073} INFO - Dependencies all met for dep_context=non-requeueable deps ti=<TaskInstance: developer_job_market_pipeline.fetch_adzuna_jobs manual__2026-06-08T15:58:10.427602+00:00 [queued]>
[2026-06-08T16:10:47.828+0000] {taskinstance.py:2073} INFO - Dependencies all met for dep_context=requeueable deps ti=<TaskInstance: developer_job_market_pipeline.fetch_adzuna_jobs manual__2026-06-08T15:58:10.427602+00:00 [queued]>
[2026-06-08T16:10:47.829+0000] {taskinstance.py:2303} INFO - Starting attempt 3 of 3
[2026-06-08T16:10:47.986+0000] {taskinstance.py:2327} INFO - Executing <Task(PythonOperator): fetch_adzuna_jobs> on 2026-06-08 15:58:10.427602+00:00
[2026-06-08T16:10:48.050+0000] {logging_mixin.py:188} WARNING - /home/***/.local/lib/python3.12/site-packages/***/task/task_runner/standard_task_runner.py:61 DeprecationWarning: This process (pid=169) is multi-threaded, use of fork() may lead to deadlocks in the child.
[2026-06-08T16:10:48.054+0000] {standard_task_runner.py:63} INFO - Started process 183 to run task
[2026-06-08T16:10:48.067+0000] {standard_task_runner.py:90} INFO - Running: ['***', 'tasks', 'run', 'developer_job_market_pipeline', 'fetch_adzuna_jobs', 'manual__2026-06-08T15:58:10.427602+00:00', '--job-id', '15', '--raw', '--subdir', 'DAGS_FOLDER/developer_job_market.py', '--cfg-path', '/tmp/tmp_sr9fp7u']
[2026-06-08T16:10:48.073+0000] {standard_task_runner.py:91} INFO - Job 15: Subtask fetch_adzuna_jobs
[2026-06-08T16:10:48.294+0000] {task_command.py:426} INFO - Running <TaskInstance: developer_job_market_pipeline.fetch_adzuna_jobs manual__2026-06-08T15:58:10.427602+00:00 [running]> on host f3d542c737d6
[2026-06-08T16:10:48.774+0000] {taskinstance.py:2644} INFO - Exporting env vars: AIRFLOW_CTX_DAG_OWNER='orlando' AIRFLOW_CTX_DAG_ID='developer_job_market_pipeline' AIRFLOW_CTX_TASK_ID='fetch_adzuna_jobs' AIRFLOW_CTX_EXECUTION_DATE='2026-06-08T15:58:10.427602+00:00' AIRFLOW_CTX_TRY_NUMBER='3' AIRFLOW_CTX_DAG_RUN_ID='manual__2026-06-08T15:58:10.427602+00:00'
[2026-06-08T16:10:48.776+0000] {taskinstance.py:430} INFO - ::endgroup::
[2026-06-08T16:11:03.460+0000] {logging_mixin.py:188} INFO - [OK] Stored 50 postings → raw/adzuna_jobs/2026-06-08/gb_page_1.json
[2026-06-08T16:11:04.988+0000] {logging_mixin.py:188} INFO - [OK] Stored 50 postings → raw/adzuna_jobs/2026-06-08/gb_page_2.json
[2026-06-08T16:11:07.450+0000] {logging_mixin.py:188} INFO - [OK] Stored 50 postings → raw/adzuna_jobs/2026-06-08/gb_page_3.json
[2026-06-08T16:11:08.745+0000] {logging_mixin.py:188} INFO - [OK] Stored 50 postings → raw/adzuna_jobs/2026-06-08/gb_page_4.json
[2026-06-08T16:11:10.762+0000] {logging_mixin.py:188} INFO - [OK] Stored 50 postings → raw/adzuna_jobs/2026-06-08/gb_page_5.json
[2026-06-08T16:11:12.396+0000] {logging_mixin.py:188} INFO - [OK] Stored 50 postings → raw/adzuna_jobs/2026-06-08/us_page_1.json
[2026-06-08T16:11:14.304+0000] {logging_mixin.py:188} INFO - [OK] Stored 50 postings → raw/adzuna_jobs/2026-06-08/us_page_2.json
[2026-06-08T16:11:16.211+0000] {logging_mixin.py:188} INFO - [OK] Stored 50 postings → raw/adzuna_jobs/2026-06-08/us_page_3.json
[2026-06-08T16:11:18.135+0000] {logging_mixin.py:188} INFO - [OK] Stored 50 postings → raw/adzuna_jobs/2026-06-08/us_page_4.json
[2026-06-08T16:11:20.062+0000] {logging_mixin.py:188} INFO - [OK] Stored 50 postings → raw/adzuna_jobs/2026-06-08/us_page_5.json
[2026-06-08T16:11:22.057+0000] {logging_mixin.py:188} INFO - [OK] Stored 44 postings → raw/adzuna_jobs/2026-06-08/fr_page_1.json
[2026-06-08T16:11:22.830+0000] {logging_mixin.py:188} INFO - [OK] Stored 0 postings → raw/adzuna_jobs/2026-06-08/fr_page_2.json
[2026-06-08T16:11:23.569+0000] {logging_mixin.py:188} INFO - [OK] Stored 0 postings → raw/adzuna_jobs/2026-06-08/fr_page_3.json
[2026-06-08T16:11:24.272+0000] {logging_mixin.py:188} INFO - [OK] Stored 0 postings → raw/adzuna_jobs/2026-06-08/fr_page_4.json
[2026-06-08T16:11:25.075+0000] {logging_mixin.py:188} INFO - [OK] Stored 0 postings → raw/adzuna_jobs/2026-06-08/fr_page_5.json
[2026-06-08T16:11:26.490+0000] {logging_mixin.py:188} INFO - [OK] Stored 50 postings → raw/adzuna_jobs/2026-06-08/de_page_1.json
[2026-06-08T16:11:28.504+0000] {logging_mixin.py:188} INFO - [OK] Stored 50 postings → raw/adzuna_jobs/2026-06-08/de_page_2.json
[2026-06-08T16:11:30.190+0000] {logging_mixin.py:188} INFO - [OK] Stored 50 postings → raw/adzuna_jobs/2026-06-08/de_page_3.json
[2026-06-08T16:11:31.863+0000] {logging_mixin.py:188} INFO - [OK] Stored 50 postings → raw/adzuna_jobs/2026-06-08/de_page_4.json
[2026-06-08T16:11:33.571+0000] {logging_mixin.py:188} INFO - [OK] Stored 38 postings → raw/adzuna_jobs/2026-06-08/de_page_5.json
[2026-06-08T16:11:35.340+0000] {logging_mixin.py:188} INFO - [OK] Stored 38 postings → raw/adzuna_jobs/2026-06-08/nl_page_1.json
[2026-06-08T16:11:36.122+0000] {logging_mixin.py:188} INFO - [OK] Stored 0 postings → raw/adzuna_jobs/2026-06-08/nl_page_2.json
[2026-06-08T16:11:36.858+0000] {logging_mixin.py:188} INFO - [OK] Stored 0 postings → raw/adzuna_jobs/2026-06-08/nl_page_3.json
[2026-06-08T16:11:37.451+0000] {logging_mixin.py:188} INFO - [OK] Stored 0 postings → raw/adzuna_jobs/2026-06-08/nl_page_4.json
[2026-06-08T16:11:38.056+0000] {logging_mixin.py:188} INFO - [OK] Stored 0 postings → raw/adzuna_jobs/2026-06-08/nl_page_5.json
[2026-06-08T16:11:38.056+0000] {logging_mixin.py:188} INFO - Adzuna ingestion complete for 2026-06-08
[2026-06-08T16:11:38.065+0000] {python.py:237} INFO - Done. Returned value was: None
[2026-06-08T16:11:38.072+0000] {taskinstance.py:441} INFO - ::group::Post task execution logs
[2026-06-08T16:11:38.134+0000] {taskinstance.py:1205} INFO - Marking task as SUCCESS. dag_id=developer_job_market_pipeline, task_id=fetch_adzuna_jobs, execution_date=20260608T155810, start_date=20260608T161047, end_date=20260608T161138
[2026-06-08T16:11:38.230+0000] {local_task_job_runner.py:240} INFO - Task exited with return code 0
[2026-06-08T16:11:38.314+0000] {taskinstance.py:3482} INFO - 0 downstream tasks scheduled from follow-on schedule check
[2026-06-08T16:11:38.324+0000] {local_task_job_runner.py:222} INFO - ::endgroup::
