[2026-06-08T16:04:02.602+0000] {local_task_job_runner.py:120} INFO - ::group::Pre task execution logs
[2026-06-08T16:04:02.917+0000] {taskinstance.py:2073} INFO - Dependencies all met for dep_context=non-requeueable deps ti=<TaskInstance: developer_job_market_pipeline.fetch_adzuna_jobs manual__2026-06-08T15:58:10.427602+00:00 [queued]>
[2026-06-08T16:04:02.975+0000] {taskinstance.py:2073} INFO - Dependencies all met for dep_context=requeueable deps ti=<TaskInstance: developer_job_market_pipeline.fetch_adzuna_jobs manual__2026-06-08T15:58:10.427602+00:00 [queued]>
[2026-06-08T16:04:02.975+0000] {taskinstance.py:2303} INFO - Starting attempt 2 of 3
[2026-06-08T16:04:03.032+0000] {taskinstance.py:2327} INFO - Executing <Task(PythonOperator): fetch_adzuna_jobs> on 2026-06-08 15:58:10.427602+00:00
[2026-06-08T16:04:03.070+0000] {standard_task_runner.py:90} INFO - Running: ['***', 'tasks', 'run', 'developer_job_market_pipeline', 'fetch_adzuna_jobs', 'manual__2026-06-08T15:58:10.427602+00:00', '--job-id', '5', '--raw', '--subdir', 'DAGS_FOLDER/developer_job_market.py', '--cfg-path', '/tmp/tmpxv703o5a']
[2026-06-08T16:04:03.089+0000] {standard_task_runner.py:91} INFO - Job 5: Subtask fetch_adzuna_jobs
[2026-06-08T16:04:03.091+0000] {logging_mixin.py:188} WARNING - /home/***/.local/lib/python3.12/site-packages/***/task/task_runner/standard_task_runner.py:61 DeprecationWarning: This process (pid=289) is multi-threaded, use of fork() may lead to deadlocks in the child.
[2026-06-08T16:04:03.107+0000] {standard_task_runner.py:63} INFO - Started process 296 to run task
[2026-06-08T16:04:05.494+0000] {task_command.py:426} INFO - Running <TaskInstance: developer_job_market_pipeline.fetch_adzuna_jobs manual__2026-06-08T15:58:10.427602+00:00 [running]> on host 6203143c6286
[2026-06-08T16:04:07.251+0000] {taskinstance.py:2644} INFO - Exporting env vars: AIRFLOW_CTX_DAG_OWNER='orlando' AIRFLOW_CTX_DAG_ID='developer_job_market_pipeline' AIRFLOW_CTX_TASK_ID='fetch_adzuna_jobs' AIRFLOW_CTX_EXECUTION_DATE='2026-06-08T15:58:10.427602+00:00' AIRFLOW_CTX_TRY_NUMBER='2' AIRFLOW_CTX_DAG_RUN_ID='manual__2026-06-08T15:58:10.427602+00:00'
[2026-06-08T16:04:07.314+0000] {taskinstance.py:430} INFO - ::endgroup::
[2026-06-08T16:04:07.667+0000] {taskinstance.py:441} INFO - ::group::Post task execution logs
[2026-06-08T16:04:07.675+0000] {taskinstance.py:2890} ERROR - Task failed with exception
Traceback (most recent call last):
  File "/home/airflow/.local/lib/python3.12/site-packages/airflow/models/taskinstance.py", line 465, in _execute_task
    result = _execute_callable(context=context, **execute_callable_kwargs)
             ^^^^^^^^^^^^^^^^^^^^^^^^^^^^^^^^^^^^^^^^^^^^^^^^^^^^^^^^^^^^^
  File "/home/airflow/.local/lib/python3.12/site-packages/airflow/models/taskinstance.py", line 432, in _execute_callable
    return execute_callable(context=context, **execute_callable_kwargs)
           ^^^^^^^^^^^^^^^^^^^^^^^^^^^^^^^^^^^^^^^^^^^^^^^^^^^^^^^^^^^^
  File "/home/airflow/.local/lib/python3.12/site-packages/airflow/models/baseoperator.py", line 400, in wrapper
    return func(self, *args, **kwargs)
           ^^^^^^^^^^^^^^^^^^^^^^^^^^^
  File "/home/airflow/.local/lib/python3.12/site-packages/airflow/operators/python.py", line 235, in execute
    return_value = self.execute_callable()
                   ^^^^^^^^^^^^^^^^^^^^^^^
  File "/home/airflow/.local/lib/python3.12/site-packages/airflow/operators/python.py", line 252, in execute_callable
    return self.python_callable(*self.op_args, **self.op_kwargs)
           ^^^^^^^^^^^^^^^^^^^^^^^^^^^^^^^^^^^^^^^^^^^^^^^^^^^^^
  File "/opt/airflow/jobs/ingest_adzuna.py", line 27, in fetch_adzuna_jobs
    s3      = s3_utils.get_client()
              ^^^^^^^^^^^^^^^^^^^^^
  File "/opt/airflow/jobs/utils/s3.py", line 21, in get_client
    endpoint_url=os.environ["AWS_ENDPOINT_URL"],
                 ~~~~~~~~~~^^^^^^^^^^^^^^^^^^^^
  File "<frozen os>", line 685, in __getitem__
KeyError: 'AWS_ENDPOINT_URL'
[2026-06-08T16:04:07.749+0000] {taskinstance.py:1205} INFO - Marking task as UP_FOR_RETRY. dag_id=developer_job_market_pipeline, task_id=fetch_adzuna_jobs, execution_date=20260608T155810, start_date=20260608T160402, end_date=20260608T160407
[2026-06-08T16:04:07.872+0000] {standard_task_runner.py:110} ERROR - Failed to execute job 5 for task fetch_adzuna_jobs ('AWS_ENDPOINT_URL'; 296)
[2026-06-08T16:04:07.959+0000] {local_task_job_runner.py:240} INFO - Task exited with return code 1
[2026-06-08T16:04:08.122+0000] {taskinstance.py:3482} INFO - 0 downstream tasks scheduled from follow-on schedule check
[2026-06-08T16:04:08.125+0000] {local_task_job_runner.py:222} INFO - ::endgroup::
