[2026-06-08T16:07:44.902+0000] {local_task_job_runner.py:120} INFO - ::group::Pre task execution logs
[2026-06-08T16:07:45.018+0000] {taskinstance.py:2073} INFO - Dependencies all met for dep_context=non-requeueable deps ti=<TaskInstance: developer_job_market_pipeline.fetch_so_survey manual__2026-06-08T16:02:28.551981+00:00 [queued]>
[2026-06-08T16:07:45.061+0000] {taskinstance.py:2073} INFO - Dependencies all met for dep_context=requeueable deps ti=<TaskInstance: developer_job_market_pipeline.fetch_so_survey manual__2026-06-08T16:02:28.551981+00:00 [queued]>
[2026-06-08T16:07:45.062+0000] {taskinstance.py:2303} INFO - Starting attempt 2 of 3
[2026-06-08T16:07:45.116+0000] {taskinstance.py:2327} INFO - Executing <Task(PythonOperator): fetch_so_survey> on 2026-06-08 16:02:28.551981+00:00
[2026-06-08T16:07:45.183+0000] {logging_mixin.py:188} WARNING - /home/***/.local/lib/python3.12/site-packages/***/task/task_runner/standard_task_runner.py:61 DeprecationWarning: This process (pid=342) is multi-threaded, use of fork() may lead to deadlocks in the child.
[2026-06-08T16:07:45.170+0000] {standard_task_runner.py:90} INFO - Running: ['***', 'tasks', 'run', 'developer_job_market_pipeline', 'fetch_so_survey', 'manual__2026-06-08T16:02:28.551981+00:00', '--job-id', '10', '--raw', '--subdir', 'DAGS_FOLDER/developer_job_market.py', '--cfg-path', '/tmp/tmpue27_mxa']
[2026-06-08T16:07:45.188+0000] {standard_task_runner.py:91} INFO - Job 10: Subtask fetch_so_survey
[2026-06-08T16:07:45.187+0000] {standard_task_runner.py:63} INFO - Started process 347 to run task
[2026-06-08T16:07:45.422+0000] {task_command.py:426} INFO - Running <TaskInstance: developer_job_market_pipeline.fetch_so_survey manual__2026-06-08T16:02:28.551981+00:00 [running]> on host 6203143c6286
[2026-06-08T16:07:45.699+0000] {taskinstance.py:2644} INFO - Exporting env vars: AIRFLOW_CTX_DAG_OWNER='orlando' AIRFLOW_CTX_DAG_ID='developer_job_market_pipeline' AIRFLOW_CTX_TASK_ID='fetch_so_survey' AIRFLOW_CTX_EXECUTION_DATE='2026-06-08T16:02:28.551981+00:00' AIRFLOW_CTX_TRY_NUMBER='2' AIRFLOW_CTX_DAG_RUN_ID='manual__2026-06-08T16:02:28.551981+00:00'
[2026-06-08T16:07:45.701+0000] {taskinstance.py:430} INFO - ::endgroup::
[2026-06-08T16:07:45.727+0000] {taskinstance.py:441} INFO - ::group::Post task execution logs
[2026-06-08T16:07:45.728+0000] {taskinstance.py:2890} ERROR - Task failed with exception
Traceback (most recent call last):
  File "/home/airflow/.local/lib/python3.12/site-packages/airflow/models/taskinstance.py", line 465, in _execute_task
    result = _execute_callable(context=context, **execute_callable_kwargs)
             ^^^^^^^^^^^^^^^^^^^^^^^^^^^^^^^^^^^^^^^^^^^^^^^^^^^^^^^^^^^^^
  File "/home/airflow/.local/lib/python3.12/site-packages/airflow/models/taskinstance.py", line 432, in _execute_callable
    return execute_callable(context=context, **execute_callable_kwargs)
           ^^^^^^^^^^^^^^^^^^^^^^^^^^^^^^^^^^^^^^^^^^^^^^^^^^^^^^^^^^^^
  File "/home/airflow/.local/lib/python3.12/site-packages/airflow/models/baseoperator.py", line 400, in wrapper
    return func(self, *args, **kwargs)
           ^^^^^^^^^^^^^^^^^^^^^^^^^^^
  File "/home/airflow/.local/lib/python3.12/site-packages/airflow/operators/python.py", line 235, in execute
    return_value = self.execute_callable()
                   ^^^^^^^^^^^^^^^^^^^^^^^
  File "/home/airflow/.local/lib/python3.12/site-packages/airflow/operators/python.py", line 252, in execute_callable
    return self.python_callable(*self.op_args, **self.op_kwargs)
           ^^^^^^^^^^^^^^^^^^^^^^^^^^^^^^^^^^^^^^^^^^^^^^^^^^^^^
  File "/opt/airflow/jobs/ingest_so_survey.py", line 25, in fetch_so_survey
    s3 = s3_utils.get_client()
         ^^^^^^^^^^^^^^^^^^^^^
  File "/opt/airflow/jobs/utils/s3.py", line 21, in get_client
    endpoint_url=os.environ["AWS_ENDPOINT_URL"],
                 ~~~~~~~~~~^^^^^^^^^^^^^^^^^^^^
  File "<frozen os>", line 685, in __getitem__
KeyError: 'AWS_ENDPOINT_URL'
[2026-06-08T16:07:45.764+0000] {taskinstance.py:1205} INFO - Marking task as UP_FOR_RETRY. dag_id=developer_job_market_pipeline, task_id=fetch_so_survey, execution_date=20260608T160228, start_date=20260608T160745, end_date=20260608T160745
[2026-06-08T16:07:45.802+0000] {standard_task_runner.py:110} ERROR - Failed to execute job 10 for task fetch_so_survey ('AWS_ENDPOINT_URL'; 347)
[2026-06-08T16:07:45.846+0000] {local_task_job_runner.py:240} INFO - Task exited with return code 1
[2026-06-08T16:07:45.899+0000] {taskinstance.py:3482} INFO - 0 downstream tasks scheduled from follow-on schedule check
[2026-06-08T16:07:45.903+0000] {local_task_job_runner.py:222} INFO - ::endgroup::
